[2025-05-16T09:11:24.085+0000] {taskinstance.py:1956} INFO - Dependencies all met for dep_context=non-requeueable deps ti=<TaskInstance: breweries_etl_pipeline.extract_breweries manual__2025-05-16T09:04:46.437449+00:00 [queued]>
[2025-05-16T09:11:24.091+0000] {taskinstance.py:1956} INFO - Dependencies all met for dep_context=requeueable deps ti=<TaskInstance: breweries_etl_pipeline.extract_breweries manual__2025-05-16T09:04:46.437449+00:00 [queued]>
[2025-05-16T09:11:24.092+0000] {taskinstance.py:2170} INFO - Starting attempt 5 of 6
[2025-05-16T09:11:24.098+0000] {taskinstance.py:2191} INFO - Executing <Task(PythonOperator): extract_breweries> on 2025-05-16 09:04:46.437449+00:00
[2025-05-16T09:11:24.103+0000] {standard_task_runner.py:60} INFO - Started process 56 to run task
[2025-05-16T09:11:24.110+0000] {standard_task_runner.py:87} INFO - Running: ['***', 'tasks', 'run', 'breweries_etl_pipeline', 'extract_breweries', 'manual__2025-05-16T09:04:46.437449+00:00', '--job-id', '12', '--raw', '--subdir', 'DAGS_FOLDER/breweries_pipeline.py', '--cfg-path', '/tmp/tmp6da3cceg']
[2025-05-16T09:11:24.112+0000] {standard_task_runner.py:88} INFO - Job 12: Subtask extract_breweries
[2025-05-16T09:11:24.130+0000] {warnings.py:109} WARNING - /home/***/.local/lib/python3.8/site-packages/***/settings.py:194: DeprecationWarning: The sql_alchemy_conn option in [core] has been moved to the sql_alchemy_conn option in [database] - the old setting has been used, but please update your config.
  SQL_ALCHEMY_CONN = conf.get("database", "SQL_ALCHEMY_CONN")

[2025-05-16T09:11:24.177+0000] {task_command.py:423} INFO - Running <TaskInstance: breweries_etl_pipeline.extract_breweries manual__2025-05-16T09:04:46.437449+00:00 [running]> on host 9264811a0e0a
[2025-05-16T09:11:24.223+0000] {taskinstance.py:2480} INFO - Exporting env vars: AIRFLOW_CTX_DAG_OWNER='***' AIRFLOW_CTX_DAG_ID='breweries_etl_pipeline' AIRFLOW_CTX_TASK_ID='extract_breweries' AIRFLOW_CTX_EXECUTION_DATE='2025-05-16T09:04:46.437449+00:00' AIRFLOW_CTX_TRY_NUMBER='5' AIRFLOW_CTX_DAG_RUN_ID='manual__2025-05-16T09:04:46.437449+00:00'
[2025-05-16T09:11:24.225+0000] {logging_mixin.py:188} INFO - 🔹 Iniciando extração de dados da API Open Brewery DB
[2025-05-16T09:11:24.825+0000] {logging_mixin.py:188} INFO - ✔️ Página 1 extraída com 200 registros
[2025-05-16T09:11:25.524+0000] {logging_mixin.py:188} INFO - ✔️ Página 2 extraída com 200 registros
[2025-05-16T09:11:26.126+0000] {logging_mixin.py:188} INFO - ✔️ Página 3 extraída com 200 registros
[2025-05-16T09:11:26.848+0000] {logging_mixin.py:188} INFO - ✔️ Página 4 extraída com 200 registros
[2025-05-16T09:11:27.521+0000] {logging_mixin.py:188} INFO - ✔️ Página 5 extraída com 200 registros
[2025-05-16T09:11:28.209+0000] {logging_mixin.py:188} INFO - ✔️ Página 6 extraída com 200 registros
[2025-05-16T09:11:29.002+0000] {logging_mixin.py:188} INFO - ✔️ Página 7 extraída com 200 registros
[2025-05-16T09:11:29.818+0000] {logging_mixin.py:188} INFO - ✔️ Página 8 extraída com 200 registros
[2025-05-16T09:11:30.497+0000] {logging_mixin.py:188} INFO - ✔️ Página 9 extraída com 200 registros
[2025-05-16T09:11:31.152+0000] {logging_mixin.py:188} INFO - ✔️ Página 10 extraída com 200 registros
[2025-05-16T09:11:31.759+0000] {logging_mixin.py:188} INFO - ✔️ Página 11 extraída com 200 registros
[2025-05-16T09:11:32.802+0000] {logging_mixin.py:188} INFO - ✔️ Página 12 extraída com 200 registros
[2025-05-16T09:11:33.439+0000] {logging_mixin.py:188} INFO - ✔️ Página 13 extraída com 200 registros
[2025-05-16T09:11:34.057+0000] {logging_mixin.py:188} INFO - ✔️ Página 14 extraída com 200 registros
[2025-05-16T09:11:34.730+0000] {logging_mixin.py:188} INFO - ✔️ Página 15 extraída com 200 registros
[2025-05-16T09:11:35.394+0000] {logging_mixin.py:188} INFO - ✔️ Página 16 extraída com 200 registros
[2025-05-16T09:11:35.706+0000] {logging_mixin.py:188} INFO - ✔️ Página 17 extraída com 200 registros
[2025-05-16T09:11:36.463+0000] {logging_mixin.py:188} INFO - ✔️ Página 18 extraída com 200 registros
[2025-05-16T09:11:37.124+0000] {logging_mixin.py:188} INFO - ✔️ Página 19 extraída com 200 registros
[2025-05-16T09:11:37.756+0000] {logging_mixin.py:188} INFO - ✔️ Página 20 extraída com 200 registros
[2025-05-16T09:11:38.344+0000] {logging_mixin.py:188} INFO - ✔️ Página 21 extraída com 200 registros
[2025-05-16T09:11:38.977+0000] {logging_mixin.py:188} INFO - ✔️ Página 22 extraída com 200 registros
[2025-05-16T09:11:39.654+0000] {logging_mixin.py:188} INFO - ✔️ Página 23 extraída com 200 registros
[2025-05-16T09:11:40.321+0000] {logging_mixin.py:188} INFO - ✔️ Página 24 extraída com 200 registros
[2025-05-16T09:11:40.913+0000] {logging_mixin.py:188} INFO - ✔️ Página 25 extraída com 200 registros
[2025-05-16T09:11:41.604+0000] {logging_mixin.py:188} INFO - ✔️ Página 26 extraída com 200 registros
[2025-05-16T09:11:42.231+0000] {logging_mixin.py:188} INFO - ✔️ Página 27 extraída com 200 registros
[2025-05-16T09:11:42.842+0000] {logging_mixin.py:188} INFO - ✔️ Página 28 extraída com 200 registros
[2025-05-16T09:11:43.499+0000] {logging_mixin.py:188} INFO - ✔️ Página 29 extraída com 200 registros
[2025-05-16T09:11:44.151+0000] {logging_mixin.py:188} INFO - ✔️ Página 30 extraída com 200 registros
[2025-05-16T09:11:44.851+0000] {logging_mixin.py:188} INFO - ✔️ Página 31 extraída com 200 registros
[2025-05-16T09:11:45.458+0000] {logging_mixin.py:188} INFO - ✔️ Página 32 extraída com 200 registros
[2025-05-16T09:11:46.110+0000] {logging_mixin.py:188} INFO - ✔️ Página 33 extraída com 200 registros
[2025-05-16T09:11:46.735+0000] {logging_mixin.py:188} INFO - ✔️ Página 34 extraída com 200 registros
[2025-05-16T09:11:47.339+0000] {logging_mixin.py:188} INFO - ✔️ Página 35 extraída com 200 registros
[2025-05-16T09:11:48.040+0000] {logging_mixin.py:188} INFO - ✔️ Página 36 extraída com 200 registros
[2025-05-16T09:11:48.688+0000] {logging_mixin.py:188} INFO - ✔️ Página 37 extraída com 200 registros
[2025-05-16T09:11:49.343+0000] {logging_mixin.py:188} INFO - ✔️ Página 38 extraída com 200 registros
[2025-05-16T09:11:49.999+0000] {logging_mixin.py:188} INFO - ✔️ Página 39 extraída com 200 registros
[2025-05-16T09:11:51.142+0000] {logging_mixin.py:188} INFO - ✔️ Página 40 extraída com 200 registros
[2025-05-16T09:11:51.405+0000] {logging_mixin.py:188} INFO - ✔️ Página 41 extraída com 200 registros
[2025-05-16T09:11:52.084+0000] {logging_mixin.py:188} INFO - ✔️ Página 42 extraída com 170 registros
[2025-05-16T09:11:53.107+0000] {logging_mixin.py:188} INFO - 📤 Enviado para S3: s3://bronze/breweries_raw_20250516.json
[2025-05-16T09:11:53.107+0000] {logging_mixin.py:188} INFO - ✅ Extração concluída. Total de registros: 8370
[2025-05-16T09:11:53.115+0000] {python.py:201} INFO - Done. Returned value was: None
[2025-05-16T09:11:53.136+0000] {taskinstance.py:1138} INFO - Marking task as SUCCESS. dag_id=breweries_etl_pipeline, task_id=extract_breweries, execution_date=20250516T090446, start_date=20250516T091124, end_date=20250516T091153
[2025-05-16T09:11:53.180+0000] {local_task_job_runner.py:234} INFO - Task exited with return code 0
[2025-05-16T09:11:53.213+0000] {taskinstance.py:3280} INFO - 1 downstream tasks scheduled from follow-on schedule check
