[2025-05-16T09:11:24.083+0000] {taskinstance.py:1956} INFO - Dependencies all met for dep_context=non-requeueable deps ti=<TaskInstance: breweries_etl_pipeline.extract_breweries scheduled__2025-05-15T00:00:00+00:00 [queued]>
[2025-05-16T09:11:24.088+0000] {taskinstance.py:1956} INFO - Dependencies all met for dep_context=requeueable deps ti=<TaskInstance: breweries_etl_pipeline.extract_breweries scheduled__2025-05-15T00:00:00+00:00 [queued]>
[2025-05-16T09:11:24.090+0000] {taskinstance.py:2170} INFO - Starting attempt 5 of 6
[2025-05-16T09:11:24.097+0000] {taskinstance.py:2191} INFO - Executing <Task(PythonOperator): extract_breweries> on 2025-05-15 00:00:00+00:00
[2025-05-16T09:11:24.105+0000] {standard_task_runner.py:60} INFO - Started process 55 to run task
[2025-05-16T09:11:24.107+0000] {standard_task_runner.py:87} INFO - Running: ['***', 'tasks', 'run', 'breweries_etl_pipeline', 'extract_breweries', 'scheduled__2025-05-15T00:00:00+00:00', '--job-id', '13', '--raw', '--subdir', 'DAGS_FOLDER/breweries_pipeline.py', '--cfg-path', '/tmp/tmpmprap9ch']
[2025-05-16T09:11:24.109+0000] {standard_task_runner.py:88} INFO - Job 13: Subtask extract_breweries
[2025-05-16T09:11:24.121+0000] {warnings.py:109} WARNING - /home/***/.local/lib/python3.8/site-packages/***/settings.py:194: DeprecationWarning: The sql_alchemy_conn option in [core] has been moved to the sql_alchemy_conn option in [database] - the old setting has been used, but please update your config.
  SQL_ALCHEMY_CONN = conf.get("database", "SQL_ALCHEMY_CONN")

[2025-05-16T09:11:24.176+0000] {task_command.py:423} INFO - Running <TaskInstance: breweries_etl_pipeline.extract_breweries scheduled__2025-05-15T00:00:00+00:00 [running]> on host 9264811a0e0a
[2025-05-16T09:11:24.223+0000] {taskinstance.py:2480} INFO - Exporting env vars: AIRFLOW_CTX_DAG_OWNER='***' AIRFLOW_CTX_DAG_ID='breweries_etl_pipeline' AIRFLOW_CTX_TASK_ID='extract_breweries' AIRFLOW_CTX_EXECUTION_DATE='2025-05-15T00:00:00+00:00' AIRFLOW_CTX_TRY_NUMBER='5' AIRFLOW_CTX_DAG_RUN_ID='scheduled__2025-05-15T00:00:00+00:00'
[2025-05-16T09:11:24.224+0000] {logging_mixin.py:188} INFO - 🔹 Iniciando extração de dados da API Open Brewery DB
[2025-05-16T09:11:24.854+0000] {logging_mixin.py:188} INFO - ✔️ Página 1 extraída com 200 registros
[2025-05-16T09:11:25.525+0000] {logging_mixin.py:188} INFO - ✔️ Página 2 extraída com 200 registros
[2025-05-16T09:11:26.171+0000] {logging_mixin.py:188} INFO - ✔️ Página 3 extraída com 200 registros
[2025-05-16T09:11:26.848+0000] {logging_mixin.py:188} INFO - ✔️ Página 4 extraída com 200 registros
[2025-05-16T09:11:27.868+0000] {logging_mixin.py:188} INFO - ✔️ Página 5 extraída com 200 registros
[2025-05-16T09:11:28.462+0000] {logging_mixin.py:188} INFO - ✔️ Página 6 extraída com 200 registros
[2025-05-16T09:11:29.111+0000] {logging_mixin.py:188} INFO - ✔️ Página 7 extraída com 200 registros
[2025-05-16T09:11:29.817+0000] {logging_mixin.py:188} INFO - ✔️ Página 8 extraída com 200 registros
[2025-05-16T09:11:30.511+0000] {logging_mixin.py:188} INFO - ✔️ Página 9 extraída com 200 registros
[2025-05-16T09:11:31.152+0000] {logging_mixin.py:188} INFO - ✔️ Página 10 extraída com 200 registros
[2025-05-16T09:11:31.810+0000] {logging_mixin.py:188} INFO - ✔️ Página 11 extraída com 200 registros
[2025-05-16T09:11:32.478+0000] {logging_mixin.py:188} INFO - ✔️ Página 12 extraída com 200 registros
[2025-05-16T09:11:33.143+0000] {logging_mixin.py:188} INFO - ✔️ Página 13 extraída com 200 registros
[2025-05-16T09:11:33.755+0000] {logging_mixin.py:188} INFO - ✔️ Página 14 extraída com 200 registros
[2025-05-16T09:11:34.397+0000] {logging_mixin.py:188} INFO - ✔️ Página 15 extraída com 200 registros
[2025-05-16T09:11:35.021+0000] {logging_mixin.py:188} INFO - ✔️ Página 16 extraída com 200 registros
[2025-05-16T09:11:35.628+0000] {logging_mixin.py:188} INFO - ✔️ Página 17 extraída com 200 registros
[2025-05-16T09:11:36.271+0000] {logging_mixin.py:188} INFO - ✔️ Página 18 extraída com 200 registros
[2025-05-16T09:11:36.853+0000] {logging_mixin.py:188} INFO - ✔️ Página 19 extraída com 200 registros
[2025-05-16T09:11:37.473+0000] {logging_mixin.py:188} INFO - ✔️ Página 20 extraída com 200 registros
[2025-05-16T09:11:38.208+0000] {logging_mixin.py:188} INFO - ✔️ Página 21 extraída com 200 registros
[2025-05-16T09:11:38.947+0000] {logging_mixin.py:188} INFO - ✔️ Página 22 extraída com 200 registros
[2025-05-16T09:11:39.654+0000] {logging_mixin.py:188} INFO - ✔️ Página 23 extraída com 200 registros
[2025-05-16T09:11:40.338+0000] {logging_mixin.py:188} INFO - ✔️ Página 24 extraída com 200 registros
[2025-05-16T09:11:41.026+0000] {logging_mixin.py:188} INFO - ✔️ Página 25 extraída com 200 registros
[2025-05-16T09:11:41.710+0000] {logging_mixin.py:188} INFO - ✔️ Página 26 extraída com 200 registros
[2025-05-16T09:11:42.525+0000] {logging_mixin.py:188} INFO - ✔️ Página 27 extraída com 200 registros
[2025-05-16T09:11:43.214+0000] {logging_mixin.py:188} INFO - ✔️ Página 28 extraída com 200 registros
[2025-05-16T09:11:44.283+0000] {logging_mixin.py:188} INFO - ✔️ Página 29 extraída com 200 registros
[2025-05-16T09:11:44.470+0000] {logging_mixin.py:188} INFO - ✔️ Página 30 extraída com 200 registros
[2025-05-16T09:11:45.138+0000] {logging_mixin.py:188} INFO - ✔️ Página 31 extraída com 200 registros
[2025-05-16T09:11:45.790+0000] {logging_mixin.py:188} INFO - ✔️ Página 32 extraída com 200 registros
[2025-05-16T09:11:46.477+0000] {logging_mixin.py:188} INFO - ✔️ Página 33 extraída com 200 registros
[2025-05-16T09:11:46.748+0000] {logging_mixin.py:188} INFO - ✔️ Página 34 extraída com 200 registros
[2025-05-16T09:11:47.413+0000] {logging_mixin.py:188} INFO - ✔️ Página 35 extraída com 200 registros
[2025-05-16T09:11:48.041+0000] {logging_mixin.py:188} INFO - ✔️ Página 36 extraída com 200 registros
[2025-05-16T09:11:48.664+0000] {logging_mixin.py:188} INFO - ✔️ Página 37 extraída com 200 registros
[2025-05-16T09:11:49.287+0000] {logging_mixin.py:188} INFO - ✔️ Página 38 extraída com 200 registros
[2025-05-16T09:11:49.988+0000] {logging_mixin.py:188} INFO - ✔️ Página 39 extraída com 200 registros
[2025-05-16T09:11:50.741+0000] {logging_mixin.py:188} INFO - ✔️ Página 40 extraída com 200 registros
[2025-05-16T09:11:51.347+0000] {logging_mixin.py:188} INFO - ✔️ Página 41 extraída com 200 registros
[2025-05-16T09:11:52.040+0000] {logging_mixin.py:188} INFO - ✔️ Página 42 extraída com 170 registros
[2025-05-16T09:11:52.635+0000] {logging_mixin.py:188} INFO - 📤 Enviado para S3: s3://bronze/breweries_raw_20250515.json
[2025-05-16T09:11:52.636+0000] {logging_mixin.py:188} INFO - ✅ Extração concluída. Total de registros: 8370
[2025-05-16T09:11:52.643+0000] {python.py:201} INFO - Done. Returned value was: None
[2025-05-16T09:11:52.657+0000] {taskinstance.py:1138} INFO - Marking task as SUCCESS. dag_id=breweries_etl_pipeline, task_id=extract_breweries, execution_date=20250515T000000, start_date=20250516T091124, end_date=20250516T091152
[2025-05-16T09:11:52.683+0000] {local_task_job_runner.py:234} INFO - Task exited with return code 0
[2025-05-16T09:11:52.723+0000] {taskinstance.py:3280} INFO - 1 downstream tasks scheduled from follow-on schedule check
