[2025-05-15T23:47:43.919+0000] {processor.py:161} INFO - Started process (PID=431) to work on /opt/airflow/dags/breweries_pipeline.py
[2025-05-15T23:47:43.923+0000] {processor.py:830} INFO - Processing file /opt/airflow/dags/breweries_pipeline.py for tasks to queue
[2025-05-15T23:47:43.927+0000] {logging_mixin.py:188} INFO - [2025-05-15T23:47:43.926+0000] {dagbag.py:538} INFO - Filling up the DagBag from /opt/airflow/dags/breweries_pipeline.py
[2025-05-15T23:47:43.949+0000] {logging_mixin.py:188} INFO - [2025-05-15T23:47:43.945+0000] {dagbag.py:348} ERROR - Failed to import: /opt/airflow/dags/breweries_pipeline.py
Traceback (most recent call last):
  File "/home/airflow/.local/lib/python3.8/site-packages/airflow/models/dagbag.py", line 344, in parse
    loader.exec_module(new_module)
  File "<frozen importlib._bootstrap_external>", line 843, in exec_module
  File "<frozen importlib._bootstrap>", line 219, in _call_with_frames_removed
  File "/opt/airflow/dags/breweries_pipeline.py", line 8, in <module>
    from src.extract import extract_breweries
ModuleNotFoundError: No module named 'src'
[2025-05-15T23:47:43.950+0000] {processor.py:842} WARNING - No viable dags retrieved from /opt/airflow/dags/breweries_pipeline.py
[2025-05-15T23:47:44.005+0000] {processor.py:183} INFO - Processing /opt/airflow/dags/breweries_pipeline.py took 0.096 seconds
[2025-05-15T23:48:14.204+0000] {processor.py:161} INFO - Started process (PID=432) to work on /opt/airflow/dags/breweries_pipeline.py
[2025-05-15T23:48:14.207+0000] {processor.py:830} INFO - Processing file /opt/airflow/dags/breweries_pipeline.py for tasks to queue
[2025-05-15T23:48:14.211+0000] {logging_mixin.py:188} INFO - [2025-05-15T23:48:14.210+0000] {dagbag.py:538} INFO - Filling up the DagBag from /opt/airflow/dags/breweries_pipeline.py
[2025-05-15T23:48:14.234+0000] {logging_mixin.py:188} INFO - [2025-05-15T23:48:14.230+0000] {dagbag.py:348} ERROR - Failed to import: /opt/airflow/dags/breweries_pipeline.py
Traceback (most recent call last):
  File "/home/airflow/.local/lib/python3.8/site-packages/airflow/models/dagbag.py", line 344, in parse
    loader.exec_module(new_module)
  File "<frozen importlib._bootstrap_external>", line 843, in exec_module
  File "<frozen importlib._bootstrap>", line 219, in _call_with_frames_removed
  File "/opt/airflow/dags/breweries_pipeline.py", line 8, in <module>
    from src.extract import extract_breweries
ModuleNotFoundError: No module named 'src'
[2025-05-15T23:48:14.235+0000] {processor.py:842} WARNING - No viable dags retrieved from /opt/airflow/dags/breweries_pipeline.py
[2025-05-15T23:48:14.288+0000] {processor.py:183} INFO - Processing /opt/airflow/dags/breweries_pipeline.py took 0.095 seconds
[2025-05-15T23:48:38.468+0000] {processor.py:161} INFO - Started process (PID=433) to work on /opt/airflow/dags/breweries_pipeline.py
[2025-05-15T23:48:38.578+0000] {processor.py:830} INFO - Processing file /opt/airflow/dags/breweries_pipeline.py for tasks to queue
[2025-05-15T23:48:38.581+0000] {logging_mixin.py:188} INFO - [2025-05-15T23:48:38.580+0000] {dagbag.py:538} INFO - Filling up the DagBag from /opt/airflow/dags/breweries_pipeline.py
[2025-05-15T23:48:40.289+0000] {logging_mixin.py:188} INFO - ✔️ /datalake/bronze_path = s3a://bronze
[2025-05-15T23:48:40.325+0000] {logging_mixin.py:188} INFO - ✔️ /datalake/silver_path = s3a://silver
[2025-05-15T23:48:40.360+0000] {logging_mixin.py:188} INFO - ✔️ /datalake/gold_path = s3a://gold
[2025-05-15T23:48:40.407+0000] {processor.py:840} INFO - DAG(s) 'breweries_etl_pipeline' retrieved from /opt/airflow/dags/breweries_pipeline.py
[2025-05-15T23:48:40.748+0000] {logging_mixin.py:188} INFO - [2025-05-15T23:48:40.748+0000] {dag.py:3036} INFO - Sync 1 DAGs
[2025-05-15T23:48:40.788+0000] {logging_mixin.py:188} INFO - [2025-05-15T23:48:40.788+0000] {dag.py:3823} INFO - Setting next_dagrun for breweries_etl_pipeline to 2025-05-15 00:00:00+00:00, run_after=2025-05-16 00:00:00+00:00
[2025-05-15T23:48:40.854+0000] {processor.py:183} INFO - Processing /opt/airflow/dags/breweries_pipeline.py took 2.400 seconds
[2025-05-15T23:49:11.124+0000] {processor.py:161} INFO - Started process (PID=435) to work on /opt/airflow/dags/breweries_pipeline.py
[2025-05-15T23:49:11.127+0000] {processor.py:830} INFO - Processing file /opt/airflow/dags/breweries_pipeline.py for tasks to queue
[2025-05-15T23:49:11.130+0000] {logging_mixin.py:188} INFO - [2025-05-15T23:49:11.129+0000] {dagbag.py:538} INFO - Filling up the DagBag from /opt/airflow/dags/breweries_pipeline.py
[2025-05-15T23:49:12.698+0000] {logging_mixin.py:188} INFO - ✔️ /datalake/bronze_path = s3a://bronze
[2025-05-15T23:49:12.717+0000] {logging_mixin.py:188} INFO - ✔️ /datalake/silver_path = s3a://silver
[2025-05-15T23:49:12.740+0000] {logging_mixin.py:188} INFO - ✔️ /datalake/gold_path = s3a://gold
[2025-05-15T23:49:12.774+0000] {processor.py:840} INFO - DAG(s) 'breweries_etl_pipeline' retrieved from /opt/airflow/dags/breweries_pipeline.py
[2025-05-15T23:49:13.071+0000] {logging_mixin.py:188} INFO - [2025-05-15T23:49:13.069+0000] {dag.py:3036} INFO - Sync 1 DAGs
[2025-05-15T23:49:13.104+0000] {logging_mixin.py:188} INFO - [2025-05-15T23:49:13.103+0000] {dag.py:3058} INFO - Creating ORM DAG for breweries_etl_pipeline
[2025-05-15T23:49:13.141+0000] {logging_mixin.py:188} INFO - [2025-05-15T23:49:13.140+0000] {dag.py:3823} INFO - Setting next_dagrun for breweries_etl_pipeline to 2025-05-14 00:00:00+00:00, run_after=2025-05-15 00:00:00+00:00
[2025-05-15T23:49:13.190+0000] {processor.py:183} INFO - Processing /opt/airflow/dags/breweries_pipeline.py took 2.078 seconds
[2025-05-15T23:49:43.383+0000] {processor.py:161} INFO - Started process (PID=437) to work on /opt/airflow/dags/breweries_pipeline.py
[2025-05-15T23:49:43.386+0000] {processor.py:830} INFO - Processing file /opt/airflow/dags/breweries_pipeline.py for tasks to queue
[2025-05-15T23:49:43.390+0000] {logging_mixin.py:188} INFO - [2025-05-15T23:49:43.389+0000] {dagbag.py:538} INFO - Filling up the DagBag from /opt/airflow/dags/breweries_pipeline.py
[2025-05-15T23:49:45.063+0000] {logging_mixin.py:188} INFO - ✔️ /datalake/bronze_path = s3a://bronze
[2025-05-15T23:49:46.345+0000] {logging_mixin.py:188} INFO - ✔️ /datalake/silver_path = s3a://silver
[2025-05-15T23:49:46.375+0000] {logging_mixin.py:188} INFO - ✔️ /datalake/gold_path = s3a://gold
[2025-05-15T23:49:46.401+0000] {processor.py:840} INFO - DAG(s) 'breweries_etl_pipeline' retrieved from /opt/airflow/dags/breweries_pipeline.py
[2025-05-15T23:49:46.487+0000] {logging_mixin.py:188} INFO - [2025-05-15T23:49:46.486+0000] {dag.py:3036} INFO - Sync 1 DAGs
[2025-05-15T23:49:46.558+0000] {logging_mixin.py:188} INFO - [2025-05-15T23:49:46.557+0000] {dag.py:3823} INFO - Setting next_dagrun for breweries_etl_pipeline to 2025-05-15 00:00:00+00:00, run_after=2025-05-16 00:00:00+00:00
[2025-05-15T23:49:46.609+0000] {processor.py:183} INFO - Processing /opt/airflow/dags/breweries_pipeline.py took 3.238 seconds
[2025-05-15T23:50:16.805+0000] {processor.py:161} INFO - Started process (PID=439) to work on /opt/airflow/dags/breweries_pipeline.py
[2025-05-15T23:50:16.808+0000] {processor.py:830} INFO - Processing file /opt/airflow/dags/breweries_pipeline.py for tasks to queue
[2025-05-15T23:50:16.811+0000] {logging_mixin.py:188} INFO - [2025-05-15T23:50:16.810+0000] {dagbag.py:538} INFO - Filling up the DagBag from /opt/airflow/dags/breweries_pipeline.py
[2025-05-15T23:50:18.495+0000] {logging_mixin.py:188} INFO - ✔️ /datalake/bronze_path = s3a://bronze
[2025-05-15T23:50:18.530+0000] {logging_mixin.py:188} INFO - ✔️ /datalake/silver_path = s3a://silver
[2025-05-15T23:50:18.568+0000] {logging_mixin.py:188} INFO - ✔️ /datalake/gold_path = s3a://gold
[2025-05-15T23:50:18.596+0000] {processor.py:840} INFO - DAG(s) 'breweries_etl_pipeline' retrieved from /opt/airflow/dags/breweries_pipeline.py
[2025-05-15T23:50:18.683+0000] {logging_mixin.py:188} INFO - [2025-05-15T23:50:18.681+0000] {dag.py:3036} INFO - Sync 1 DAGs
[2025-05-15T23:50:18.754+0000] {logging_mixin.py:188} INFO - [2025-05-15T23:50:18.754+0000] {dag.py:3823} INFO - Setting next_dagrun for breweries_etl_pipeline to 2025-05-15 00:00:00+00:00, run_after=2025-05-16 00:00:00+00:00
[2025-05-15T23:50:18.809+0000] {processor.py:183} INFO - Processing /opt/airflow/dags/breweries_pipeline.py took 2.015 seconds
[2025-05-15T23:50:49.062+0000] {processor.py:161} INFO - Started process (PID=441) to work on /opt/airflow/dags/breweries_pipeline.py
[2025-05-15T23:50:49.065+0000] {processor.py:830} INFO - Processing file /opt/airflow/dags/breweries_pipeline.py for tasks to queue
[2025-05-15T23:50:49.068+0000] {logging_mixin.py:188} INFO - [2025-05-15T23:50:49.067+0000] {dagbag.py:538} INFO - Filling up the DagBag from /opt/airflow/dags/breweries_pipeline.py
[2025-05-15T23:50:50.754+0000] {logging_mixin.py:188} INFO - ✔️ /datalake/bronze_path = s3a://bronze
[2025-05-15T23:50:50.791+0000] {logging_mixin.py:188} INFO - ✔️ /datalake/silver_path = s3a://silver
[2025-05-15T23:50:50.827+0000] {logging_mixin.py:188} INFO - ✔️ /datalake/gold_path = s3a://gold
[2025-05-15T23:50:50.856+0000] {processor.py:840} INFO - DAG(s) 'breweries_etl_pipeline' retrieved from /opt/airflow/dags/breweries_pipeline.py
[2025-05-15T23:50:50.944+0000] {logging_mixin.py:188} INFO - [2025-05-15T23:50:50.943+0000] {dag.py:3036} INFO - Sync 1 DAGs
[2025-05-15T23:50:51.015+0000] {logging_mixin.py:188} INFO - [2025-05-15T23:50:51.015+0000] {dag.py:3823} INFO - Setting next_dagrun for breweries_etl_pipeline to 2025-05-15 00:00:00+00:00, run_after=2025-05-16 00:00:00+00:00
[2025-05-15T23:50:51.076+0000] {processor.py:183} INFO - Processing /opt/airflow/dags/breweries_pipeline.py took 2.025 seconds
[2025-05-15T23:51:21.332+0000] {processor.py:161} INFO - Started process (PID=443) to work on /opt/airflow/dags/breweries_pipeline.py
[2025-05-15T23:51:21.334+0000] {processor.py:830} INFO - Processing file /opt/airflow/dags/breweries_pipeline.py for tasks to queue
[2025-05-15T23:51:21.335+0000] {logging_mixin.py:188} INFO - [2025-05-15T23:51:21.335+0000] {dagbag.py:538} INFO - Filling up the DagBag from /opt/airflow/dags/breweries_pipeline.py
[2025-05-15T23:51:22.976+0000] {logging_mixin.py:188} INFO - ✔️ /datalake/bronze_path = s3a://bronze
[2025-05-15T23:51:23.011+0000] {logging_mixin.py:188} INFO - ✔️ /datalake/silver_path = s3a://silver
[2025-05-15T23:51:23.045+0000] {logging_mixin.py:188} INFO - ✔️ /datalake/gold_path = s3a://gold
[2025-05-15T23:51:23.076+0000] {processor.py:840} INFO - DAG(s) 'breweries_etl_pipeline' retrieved from /opt/airflow/dags/breweries_pipeline.py
[2025-05-15T23:51:23.162+0000] {logging_mixin.py:188} INFO - [2025-05-15T23:51:23.161+0000] {dag.py:3036} INFO - Sync 1 DAGs
[2025-05-15T23:51:23.236+0000] {logging_mixin.py:188} INFO - [2025-05-15T23:51:23.235+0000] {dag.py:3823} INFO - Setting next_dagrun for breweries_etl_pipeline to 2025-05-15 00:00:00+00:00, run_after=2025-05-16 00:00:00+00:00
[2025-05-15T23:51:23.315+0000] {processor.py:183} INFO - Processing /opt/airflow/dags/breweries_pipeline.py took 1.988 seconds
[2025-05-15T23:51:53.594+0000] {processor.py:161} INFO - Started process (PID=445) to work on /opt/airflow/dags/breweries_pipeline.py
[2025-05-15T23:51:53.602+0000] {processor.py:830} INFO - Processing file /opt/airflow/dags/breweries_pipeline.py for tasks to queue
[2025-05-15T23:51:53.604+0000] {logging_mixin.py:188} INFO - [2025-05-15T23:51:53.603+0000] {dagbag.py:538} INFO - Filling up the DagBag from /opt/airflow/dags/breweries_pipeline.py
[2025-05-15T23:51:55.164+0000] {logging_mixin.py:188} INFO - ✔️ /datalake/bronze_path = s3a://bronze
[2025-05-15T23:51:55.198+0000] {logging_mixin.py:188} INFO - ✔️ /datalake/silver_path = s3a://silver
[2025-05-15T23:51:55.230+0000] {logging_mixin.py:188} INFO - ✔️ /datalake/gold_path = s3a://gold
[2025-05-15T23:51:55.263+0000] {processor.py:840} INFO - DAG(s) 'breweries_etl_pipeline' retrieved from /opt/airflow/dags/breweries_pipeline.py
[2025-05-15T23:51:55.352+0000] {logging_mixin.py:188} INFO - [2025-05-15T23:51:55.350+0000] {dag.py:3036} INFO - Sync 1 DAGs
[2025-05-15T23:51:55.424+0000] {logging_mixin.py:188} INFO - [2025-05-15T23:51:55.423+0000] {dag.py:3823} INFO - Setting next_dagrun for breweries_etl_pipeline to 2025-05-15 00:00:00+00:00, run_after=2025-05-16 00:00:00+00:00
[2025-05-15T23:51:55.474+0000] {processor.py:183} INFO - Processing /opt/airflow/dags/breweries_pipeline.py took 1.889 seconds
[2025-05-15T23:52:25.773+0000] {processor.py:161} INFO - Started process (PID=447) to work on /opt/airflow/dags/breweries_pipeline.py
[2025-05-15T23:52:25.822+0000] {processor.py:830} INFO - Processing file /opt/airflow/dags/breweries_pipeline.py for tasks to queue
[2025-05-15T23:52:25.825+0000] {logging_mixin.py:188} INFO - [2025-05-15T23:52:25.824+0000] {dagbag.py:538} INFO - Filling up the DagBag from /opt/airflow/dags/breweries_pipeline.py
[2025-05-15T23:52:27.420+0000] {logging_mixin.py:188} INFO - ✔️ /datalake/bronze_path = s3a://bronze
[2025-05-15T23:52:27.439+0000] {logging_mixin.py:188} INFO - ✔️ /datalake/silver_path = s3a://silver
[2025-05-15T23:52:27.468+0000] {logging_mixin.py:188} INFO - ✔️ /datalake/gold_path = s3a://gold
[2025-05-15T23:52:27.499+0000] {processor.py:840} INFO - DAG(s) 'breweries_etl_pipeline' retrieved from /opt/airflow/dags/breweries_pipeline.py
[2025-05-15T23:52:27.571+0000] {logging_mixin.py:188} INFO - [2025-05-15T23:52:27.569+0000] {dag.py:3036} INFO - Sync 1 DAGs
[2025-05-15T23:52:27.668+0000] {logging_mixin.py:188} INFO - [2025-05-15T23:52:27.668+0000] {dag.py:3823} INFO - Setting next_dagrun for breweries_etl_pipeline to 2025-05-15 00:00:00+00:00, run_after=2025-05-16 00:00:00+00:00
[2025-05-15T23:52:27.698+0000] {processor.py:183} INFO - Processing /opt/airflow/dags/breweries_pipeline.py took 1.936 seconds
[2025-05-15T23:52:57.970+0000] {processor.py:161} INFO - Started process (PID=449) to work on /opt/airflow/dags/breweries_pipeline.py
[2025-05-15T23:52:57.972+0000] {processor.py:830} INFO - Processing file /opt/airflow/dags/breweries_pipeline.py for tasks to queue
[2025-05-15T23:52:57.976+0000] {logging_mixin.py:188} INFO - [2025-05-15T23:52:57.974+0000] {dagbag.py:538} INFO - Filling up the DagBag from /opt/airflow/dags/breweries_pipeline.py
[2025-05-15T23:52:59.565+0000] {logging_mixin.py:188} INFO - ✔️ /datalake/bronze_path = s3a://bronze
[2025-05-15T23:52:59.598+0000] {logging_mixin.py:188} INFO - ✔️ /datalake/silver_path = s3a://silver
[2025-05-15T23:52:59.633+0000] {logging_mixin.py:188} INFO - ✔️ /datalake/gold_path = s3a://gold
[2025-05-15T23:52:59.666+0000] {processor.py:840} INFO - DAG(s) 'breweries_etl_pipeline' retrieved from /opt/airflow/dags/breweries_pipeline.py
[2025-05-15T23:52:59.753+0000] {logging_mixin.py:188} INFO - [2025-05-15T23:52:59.752+0000] {dag.py:3036} INFO - Sync 1 DAGs
[2025-05-15T23:52:59.822+0000] {logging_mixin.py:188} INFO - [2025-05-15T23:52:59.821+0000] {dag.py:3823} INFO - Setting next_dagrun for breweries_etl_pipeline to 2025-05-15 00:00:00+00:00, run_after=2025-05-16 00:00:00+00:00
[2025-05-15T23:52:59.870+0000] {processor.py:183} INFO - Processing /opt/airflow/dags/breweries_pipeline.py took 1.911 seconds
[2025-05-15T23:53:30.169+0000] {processor.py:161} INFO - Started process (PID=451) to work on /opt/airflow/dags/breweries_pipeline.py
[2025-05-15T23:53:30.171+0000] {processor.py:830} INFO - Processing file /opt/airflow/dags/breweries_pipeline.py for tasks to queue
[2025-05-15T23:53:30.174+0000] {logging_mixin.py:188} INFO - [2025-05-15T23:53:30.173+0000] {dagbag.py:538} INFO - Filling up the DagBag from /opt/airflow/dags/breweries_pipeline.py
[2025-05-15T23:53:31.772+0000] {logging_mixin.py:188} INFO - ✔️ /datalake/bronze_path = s3a://bronze
[2025-05-15T23:53:31.800+0000] {logging_mixin.py:188} INFO - ✔️ /datalake/silver_path = s3a://silver
[2025-05-15T23:53:31.835+0000] {logging_mixin.py:188} INFO - ✔️ /datalake/gold_path = s3a://gold
[2025-05-15T23:53:31.865+0000] {processor.py:840} INFO - DAG(s) 'breweries_etl_pipeline' retrieved from /opt/airflow/dags/breweries_pipeline.py
[2025-05-15T23:53:31.952+0000] {logging_mixin.py:188} INFO - [2025-05-15T23:53:31.951+0000] {dag.py:3036} INFO - Sync 1 DAGs
[2025-05-15T23:53:32.023+0000] {logging_mixin.py:188} INFO - [2025-05-15T23:53:32.022+0000] {dag.py:3823} INFO - Setting next_dagrun for breweries_etl_pipeline to 2025-05-15 00:00:00+00:00, run_after=2025-05-16 00:00:00+00:00
[2025-05-15T23:53:32.071+0000] {processor.py:183} INFO - Processing /opt/airflow/dags/breweries_pipeline.py took 1.914 seconds
[2025-05-15T23:54:02.377+0000] {processor.py:161} INFO - Started process (PID=453) to work on /opt/airflow/dags/breweries_pipeline.py
[2025-05-15T23:54:02.381+0000] {processor.py:830} INFO - Processing file /opt/airflow/dags/breweries_pipeline.py for tasks to queue
[2025-05-15T23:54:02.384+0000] {logging_mixin.py:188} INFO - [2025-05-15T23:54:02.383+0000] {dagbag.py:538} INFO - Filling up the DagBag from /opt/airflow/dags/breweries_pipeline.py
[2025-05-15T23:54:03.985+0000] {logging_mixin.py:188} INFO - ✔️ /datalake/bronze_path = s3a://bronze
[2025-05-15T23:54:04.012+0000] {logging_mixin.py:188} INFO - ✔️ /datalake/silver_path = s3a://silver
[2025-05-15T23:54:04.032+0000] {logging_mixin.py:188} INFO - ✔️ /datalake/gold_path = s3a://gold
[2025-05-15T23:54:04.055+0000] {processor.py:840} INFO - DAG(s) 'breweries_etl_pipeline' retrieved from /opt/airflow/dags/breweries_pipeline.py
[2025-05-15T23:54:04.135+0000] {logging_mixin.py:188} INFO - [2025-05-15T23:54:04.133+0000] {dag.py:3036} INFO - Sync 1 DAGs
[2025-05-15T23:54:04.206+0000] {logging_mixin.py:188} INFO - [2025-05-15T23:54:04.206+0000] {dag.py:3823} INFO - Setting next_dagrun for breweries_etl_pipeline to 2025-05-15 00:00:00+00:00, run_after=2025-05-16 00:00:00+00:00
[2025-05-15T23:54:04.255+0000] {processor.py:183} INFO - Processing /opt/airflow/dags/breweries_pipeline.py took 1.891 seconds
[2025-05-15T23:54:34.364+0000] {processor.py:161} INFO - Started process (PID=455) to work on /opt/airflow/dags/breweries_pipeline.py
[2025-05-15T23:54:34.367+0000] {processor.py:830} INFO - Processing file /opt/airflow/dags/breweries_pipeline.py for tasks to queue
[2025-05-15T23:54:34.370+0000] {logging_mixin.py:188} INFO - [2025-05-15T23:54:34.369+0000] {dagbag.py:538} INFO - Filling up the DagBag from /opt/airflow/dags/breweries_pipeline.py
[2025-05-15T23:54:36.157+0000] {logging_mixin.py:188} INFO - ✔️ /datalake/bronze_path = s3a://bronze
[2025-05-15T23:54:36.186+0000] {logging_mixin.py:188} INFO - ✔️ /datalake/silver_path = s3a://silver
[2025-05-15T23:54:36.218+0000] {logging_mixin.py:188} INFO - ✔️ /datalake/gold_path = s3a://gold
[2025-05-15T23:54:36.240+0000] {processor.py:840} INFO - DAG(s) 'breweries_etl_pipeline' retrieved from /opt/airflow/dags/breweries_pipeline.py
[2025-05-15T23:54:36.325+0000] {logging_mixin.py:188} INFO - [2025-05-15T23:54:36.324+0000] {dag.py:3036} INFO - Sync 1 DAGs
[2025-05-15T23:54:36.395+0000] {logging_mixin.py:188} INFO - [2025-05-15T23:54:36.394+0000] {dag.py:3823} INFO - Setting next_dagrun for breweries_etl_pipeline to 2025-05-15 00:00:00+00:00, run_after=2025-05-16 00:00:00+00:00
[2025-05-15T23:54:36.520+0000] {processor.py:183} INFO - Processing /opt/airflow/dags/breweries_pipeline.py took 2.164 seconds
[2025-05-15T23:55:06.637+0000] {processor.py:161} INFO - Started process (PID=457) to work on /opt/airflow/dags/breweries_pipeline.py
[2025-05-15T23:55:06.645+0000] {processor.py:830} INFO - Processing file /opt/airflow/dags/breweries_pipeline.py for tasks to queue
[2025-05-15T23:55:06.649+0000] {logging_mixin.py:188} INFO - [2025-05-15T23:55:06.648+0000] {dagbag.py:538} INFO - Filling up the DagBag from /opt/airflow/dags/breweries_pipeline.py
[2025-05-15T23:55:08.366+0000] {logging_mixin.py:188} INFO - ✔️ /datalake/bronze_path = s3a://bronze
[2025-05-15T23:55:08.384+0000] {logging_mixin.py:188} INFO - ✔️ /datalake/silver_path = s3a://silver
[2025-05-15T23:55:08.411+0000] {logging_mixin.py:188} INFO - ✔️ /datalake/gold_path = s3a://gold
[2025-05-15T23:55:08.434+0000] {processor.py:840} INFO - DAG(s) 'breweries_etl_pipeline' retrieved from /opt/airflow/dags/breweries_pipeline.py
[2025-05-15T23:55:08.522+0000] {logging_mixin.py:188} INFO - [2025-05-15T23:55:08.520+0000] {dag.py:3036} INFO - Sync 1 DAGs
[2025-05-15T23:55:08.580+0000] {logging_mixin.py:188} INFO - [2025-05-15T23:55:08.580+0000] {dag.py:3823} INFO - Setting next_dagrun for breweries_etl_pipeline to 2025-05-15 00:00:00+00:00, run_after=2025-05-16 00:00:00+00:00
[2025-05-15T23:55:08.627+0000] {processor.py:183} INFO - Processing /opt/airflow/dags/breweries_pipeline.py took 2.006 seconds
[2025-05-15T23:55:38.950+0000] {processor.py:161} INFO - Started process (PID=459) to work on /opt/airflow/dags/breweries_pipeline.py
[2025-05-15T23:55:38.958+0000] {processor.py:830} INFO - Processing file /opt/airflow/dags/breweries_pipeline.py for tasks to queue
[2025-05-15T23:55:38.961+0000] {logging_mixin.py:188} INFO - [2025-05-15T23:55:38.960+0000] {dagbag.py:538} INFO - Filling up the DagBag from /opt/airflow/dags/breweries_pipeline.py
[2025-05-15T23:55:40.682+0000] {logging_mixin.py:188} INFO - ✔️ /datalake/bronze_path = s3a://bronze
[2025-05-15T23:55:40.718+0000] {logging_mixin.py:188} INFO - ✔️ /datalake/silver_path = s3a://silver
[2025-05-15T23:55:40.756+0000] {logging_mixin.py:188} INFO - ✔️ /datalake/gold_path = s3a://gold
[2025-05-15T23:55:40.784+0000] {processor.py:840} INFO - DAG(s) 'breweries_etl_pipeline' retrieved from /opt/airflow/dags/breweries_pipeline.py
[2025-05-15T23:55:40.872+0000] {logging_mixin.py:188} INFO - [2025-05-15T23:55:40.871+0000] {dag.py:3036} INFO - Sync 1 DAGs
[2025-05-15T23:55:40.947+0000] {logging_mixin.py:188} INFO - [2025-05-15T23:55:40.947+0000] {dag.py:3823} INFO - Setting next_dagrun for breweries_etl_pipeline to 2025-05-15 00:00:00+00:00, run_after=2025-05-16 00:00:00+00:00
[2025-05-15T23:55:41.001+0000] {processor.py:183} INFO - Processing /opt/airflow/dags/breweries_pipeline.py took 2.061 seconds
[2025-05-15T23:56:11.235+0000] {processor.py:161} INFO - Started process (PID=461) to work on /opt/airflow/dags/breweries_pipeline.py
[2025-05-15T23:56:11.239+0000] {processor.py:830} INFO - Processing file /opt/airflow/dags/breweries_pipeline.py for tasks to queue
[2025-05-15T23:56:11.242+0000] {logging_mixin.py:188} INFO - [2025-05-15T23:56:11.241+0000] {dagbag.py:538} INFO - Filling up the DagBag from /opt/airflow/dags/breweries_pipeline.py
[2025-05-15T23:56:12.916+0000] {logging_mixin.py:188} INFO - ✔️ /datalake/bronze_path = s3a://bronze
[2025-05-15T23:56:12.952+0000] {logging_mixin.py:188} INFO - ✔️ /datalake/silver_path = s3a://silver
[2025-05-15T23:56:12.990+0000] {logging_mixin.py:188} INFO - ✔️ /datalake/gold_path = s3a://gold
[2025-05-15T23:56:13.020+0000] {processor.py:840} INFO - DAG(s) 'breweries_etl_pipeline' retrieved from /opt/airflow/dags/breweries_pipeline.py
[2025-05-15T23:56:13.103+0000] {logging_mixin.py:188} INFO - [2025-05-15T23:56:13.101+0000] {dag.py:3036} INFO - Sync 1 DAGs
[2025-05-15T23:56:13.170+0000] {logging_mixin.py:188} INFO - [2025-05-15T23:56:13.169+0000] {dag.py:3823} INFO - Setting next_dagrun for breweries_etl_pipeline to 2025-05-15 00:00:00+00:00, run_after=2025-05-16 00:00:00+00:00
[2025-05-15T23:56:13.220+0000] {processor.py:183} INFO - Processing /opt/airflow/dags/breweries_pipeline.py took 1.995 seconds
[2025-05-15T23:56:43.509+0000] {processor.py:161} INFO - Started process (PID=463) to work on /opt/airflow/dags/breweries_pipeline.py
[2025-05-15T23:56:43.511+0000] {processor.py:830} INFO - Processing file /opt/airflow/dags/breweries_pipeline.py for tasks to queue
[2025-05-15T23:56:43.514+0000] {logging_mixin.py:188} INFO - [2025-05-15T23:56:43.513+0000] {dagbag.py:538} INFO - Filling up the DagBag from /opt/airflow/dags/breweries_pipeline.py
[2025-05-15T23:56:45.176+0000] {logging_mixin.py:188} INFO - ✔️ /datalake/bronze_path = s3a://bronze
[2025-05-15T23:56:45.214+0000] {logging_mixin.py:188} INFO - ✔️ /datalake/silver_path = s3a://silver
[2025-05-15T23:56:45.249+0000] {logging_mixin.py:188} INFO - ✔️ /datalake/gold_path = s3a://gold
[2025-05-15T23:56:45.279+0000] {processor.py:840} INFO - DAG(s) 'breweries_etl_pipeline' retrieved from /opt/airflow/dags/breweries_pipeline.py
[2025-05-15T23:56:45.368+0000] {logging_mixin.py:188} INFO - [2025-05-15T23:56:45.367+0000] {dag.py:3036} INFO - Sync 1 DAGs
[2025-05-15T23:56:45.440+0000] {logging_mixin.py:188} INFO - [2025-05-15T23:56:45.439+0000] {dag.py:3823} INFO - Setting next_dagrun for breweries_etl_pipeline to 2025-05-15 00:00:00+00:00, run_after=2025-05-16 00:00:00+00:00
[2025-05-15T23:56:45.488+0000] {processor.py:183} INFO - Processing /opt/airflow/dags/breweries_pipeline.py took 1.990 seconds
[2025-05-15T23:57:15.769+0000] {processor.py:161} INFO - Started process (PID=465) to work on /opt/airflow/dags/breweries_pipeline.py
[2025-05-15T23:57:15.776+0000] {processor.py:830} INFO - Processing file /opt/airflow/dags/breweries_pipeline.py for tasks to queue
[2025-05-15T23:57:15.779+0000] {logging_mixin.py:188} INFO - [2025-05-15T23:57:15.778+0000] {dagbag.py:538} INFO - Filling up the DagBag from /opt/airflow/dags/breweries_pipeline.py
[2025-05-15T23:57:17.460+0000] {logging_mixin.py:188} INFO - ✔️ /datalake/bronze_path = s3a://bronze
[2025-05-15T23:57:17.494+0000] {logging_mixin.py:188} INFO - ✔️ /datalake/silver_path = s3a://silver
[2025-05-15T23:57:17.527+0000] {logging_mixin.py:188} INFO - ✔️ /datalake/gold_path = s3a://gold
[2025-05-15T23:57:17.562+0000] {processor.py:840} INFO - DAG(s) 'breweries_etl_pipeline' retrieved from /opt/airflow/dags/breweries_pipeline.py
[2025-05-15T23:57:17.653+0000] {logging_mixin.py:188} INFO - [2025-05-15T23:57:17.652+0000] {dag.py:3036} INFO - Sync 1 DAGs
[2025-05-15T23:57:17.726+0000] {logging_mixin.py:188} INFO - [2025-05-15T23:57:17.725+0000] {dag.py:3823} INFO - Setting next_dagrun for breweries_etl_pipeline to 2025-05-15 00:00:00+00:00, run_after=2025-05-16 00:00:00+00:00
[2025-05-15T23:57:17.776+0000] {processor.py:183} INFO - Processing /opt/airflow/dags/breweries_pipeline.py took 2.017 seconds
[2025-05-15T23:57:48.030+0000] {processor.py:161} INFO - Started process (PID=467) to work on /opt/airflow/dags/breweries_pipeline.py
[2025-05-15T23:57:48.033+0000] {processor.py:830} INFO - Processing file /opt/airflow/dags/breweries_pipeline.py for tasks to queue
[2025-05-15T23:57:48.036+0000] {logging_mixin.py:188} INFO - [2025-05-15T23:57:48.035+0000] {dagbag.py:538} INFO - Filling up the DagBag from /opt/airflow/dags/breweries_pipeline.py
[2025-05-15T23:57:49.710+0000] {logging_mixin.py:188} INFO - ✔️ /datalake/bronze_path = s3a://bronze
[2025-05-15T23:57:49.744+0000] {logging_mixin.py:188} INFO - ✔️ /datalake/silver_path = s3a://silver
[2025-05-15T23:57:49.778+0000] {logging_mixin.py:188} INFO - ✔️ /datalake/gold_path = s3a://gold
[2025-05-15T23:57:49.811+0000] {processor.py:840} INFO - DAG(s) 'breweries_etl_pipeline' retrieved from /opt/airflow/dags/breweries_pipeline.py
[2025-05-15T23:57:49.884+0000] {logging_mixin.py:188} INFO - [2025-05-15T23:57:49.883+0000] {dag.py:3036} INFO - Sync 1 DAGs
[2025-05-15T23:57:49.957+0000] {logging_mixin.py:188} INFO - [2025-05-15T23:57:49.957+0000] {dag.py:3823} INFO - Setting next_dagrun for breweries_etl_pipeline to 2025-05-15 00:00:00+00:00, run_after=2025-05-16 00:00:00+00:00
[2025-05-15T23:57:50.009+0000] {processor.py:183} INFO - Processing /opt/airflow/dags/breweries_pipeline.py took 1.990 seconds
[2025-05-15T23:58:20.289+0000] {processor.py:161} INFO - Started process (PID=469) to work on /opt/airflow/dags/breweries_pipeline.py
[2025-05-15T23:58:20.292+0000] {processor.py:830} INFO - Processing file /opt/airflow/dags/breweries_pipeline.py for tasks to queue
[2025-05-15T23:58:20.295+0000] {logging_mixin.py:188} INFO - [2025-05-15T23:58:20.294+0000] {dagbag.py:538} INFO - Filling up the DagBag from /opt/airflow/dags/breweries_pipeline.py
[2025-05-15T23:58:21.908+0000] {logging_mixin.py:188} INFO - ✔️ /datalake/bronze_path = s3a://bronze
[2025-05-15T23:58:21.943+0000] {logging_mixin.py:188} INFO - ✔️ /datalake/silver_path = s3a://silver
[2025-05-15T23:58:21.977+0000] {logging_mixin.py:188} INFO - ✔️ /datalake/gold_path = s3a://gold
[2025-05-15T23:58:22.009+0000] {processor.py:840} INFO - DAG(s) 'breweries_etl_pipeline' retrieved from /opt/airflow/dags/breweries_pipeline.py
[2025-05-15T23:58:22.089+0000] {logging_mixin.py:188} INFO - [2025-05-15T23:58:22.088+0000] {dag.py:3036} INFO - Sync 1 DAGs
[2025-05-15T23:58:22.242+0000] {logging_mixin.py:188} INFO - [2025-05-15T23:58:22.242+0000] {dag.py:3823} INFO - Setting next_dagrun for breweries_etl_pipeline to 2025-05-15 00:00:00+00:00, run_after=2025-05-16 00:00:00+00:00
[2025-05-15T23:58:22.294+0000] {processor.py:183} INFO - Processing /opt/airflow/dags/breweries_pipeline.py took 2.010 seconds
[2025-05-15T23:58:52.706+0000] {processor.py:161} INFO - Started process (PID=471) to work on /opt/airflow/dags/breweries_pipeline.py
[2025-05-15T23:58:52.709+0000] {processor.py:830} INFO - Processing file /opt/airflow/dags/breweries_pipeline.py for tasks to queue
[2025-05-15T23:58:52.712+0000] {logging_mixin.py:188} INFO - [2025-05-15T23:58:52.711+0000] {dagbag.py:538} INFO - Filling up the DagBag from /opt/airflow/dags/breweries_pipeline.py
[2025-05-15T23:58:54.376+0000] {logging_mixin.py:188} INFO - ✔️ /datalake/bronze_path = s3a://bronze
[2025-05-15T23:58:54.411+0000] {logging_mixin.py:188} INFO - ✔️ /datalake/silver_path = s3a://silver
[2025-05-15T23:58:54.440+0000] {logging_mixin.py:188} INFO - ✔️ /datalake/gold_path = s3a://gold
[2025-05-15T23:58:54.463+0000] {processor.py:840} INFO - DAG(s) 'breweries_etl_pipeline' retrieved from /opt/airflow/dags/breweries_pipeline.py
[2025-05-15T23:58:54.542+0000] {logging_mixin.py:188} INFO - [2025-05-15T23:58:54.541+0000] {dag.py:3036} INFO - Sync 1 DAGs
[2025-05-15T23:58:54.613+0000] {logging_mixin.py:188} INFO - [2025-05-15T23:58:54.612+0000] {dag.py:3823} INFO - Setting next_dagrun for breweries_etl_pipeline to 2025-05-15 00:00:00+00:00, run_after=2025-05-16 00:00:00+00:00
[2025-05-15T23:58:54.664+0000] {processor.py:183} INFO - Processing /opt/airflow/dags/breweries_pipeline.py took 1.968 seconds
[2025-05-15T23:59:24.975+0000] {processor.py:161} INFO - Started process (PID=473) to work on /opt/airflow/dags/breweries_pipeline.py
[2025-05-15T23:59:24.980+0000] {processor.py:830} INFO - Processing file /opt/airflow/dags/breweries_pipeline.py for tasks to queue
[2025-05-15T23:59:24.983+0000] {logging_mixin.py:188} INFO - [2025-05-15T23:59:24.982+0000] {dagbag.py:538} INFO - Filling up the DagBag from /opt/airflow/dags/breweries_pipeline.py
[2025-05-15T23:59:26.504+0000] {logging_mixin.py:188} INFO - ✔️ /datalake/bronze_path = s3a://bronze
[2025-05-15T23:59:26.522+0000] {logging_mixin.py:188} INFO - ✔️ /datalake/silver_path = s3a://silver
[2025-05-15T23:59:26.541+0000] {logging_mixin.py:188} INFO - ✔️ /datalake/gold_path = s3a://gold
[2025-05-15T23:59:26.568+0000] {processor.py:840} INFO - DAG(s) 'breweries_etl_pipeline' retrieved from /opt/airflow/dags/breweries_pipeline.py
[2025-05-15T23:59:26.662+0000] {logging_mixin.py:188} INFO - [2025-05-15T23:59:26.661+0000] {dag.py:3036} INFO - Sync 1 DAGs
[2025-05-15T23:59:26.715+0000] {logging_mixin.py:188} INFO - [2025-05-15T23:59:26.715+0000] {dag.py:3823} INFO - Setting next_dagrun for breweries_etl_pipeline to 2025-05-15 00:00:00+00:00, run_after=2025-05-16 00:00:00+00:00
[2025-05-15T23:59:26.762+0000] {processor.py:183} INFO - Processing /opt/airflow/dags/breweries_pipeline.py took 1.798 seconds
[2025-05-15T23:59:57.304+0000] {processor.py:161} INFO - Started process (PID=475) to work on /opt/airflow/dags/breweries_pipeline.py
[2025-05-15T23:59:58.229+0000] {processor.py:830} INFO - Processing file /opt/airflow/dags/breweries_pipeline.py for tasks to queue
[2025-05-15T23:59:58.881+0000] {logging_mixin.py:188} INFO - [2025-05-15T23:59:58.880+0000] {dagbag.py:538} INFO - Filling up the DagBag from /opt/airflow/dags/breweries_pipeline.py
[2025-05-16T00:00:00.647+0000] {logging_mixin.py:188} INFO - ✔️ /datalake/bronze_path = s3a://bronze
[2025-05-16T00:00:00.687+0000] {logging_mixin.py:188} INFO - ✔️ /datalake/silver_path = s3a://silver
[2025-05-16T00:00:00.887+0000] {logging_mixin.py:188} INFO - ✔️ /datalake/gold_path = s3a://gold
[2025-05-16T00:00:00.912+0000] {processor.py:840} INFO - DAG(s) 'breweries_etl_pipeline' retrieved from /opt/airflow/dags/breweries_pipeline.py
[2025-05-16T00:00:01.011+0000] {logging_mixin.py:188} INFO - [2025-05-16T00:00:01.008+0000] {dag.py:3036} INFO - Sync 1 DAGs
[2025-05-16T00:00:01.093+0000] {logging_mixin.py:188} INFO - [2025-05-16T00:00:01.093+0000] {dag.py:3823} INFO - Setting next_dagrun for breweries_etl_pipeline to 2025-05-15 00:00:00+00:00, run_after=2025-05-16 00:00:00+00:00
[2025-05-16T00:00:29.495+0000] {processor.py:183} INFO - Processing /opt/airflow/dags/breweries_pipeline.py took 32.201 seconds
