[2025-05-16T00:10:42.142+0000] {manager.py:469} INFO - Processing files using up to 2 processes at a time 
[2025-05-16T00:10:42.143+0000] {manager.py:470} INFO - Process each file at most once every 30 seconds
[2025-05-16T00:10:42.145+0000] {manager.py:471} INFO - Checking for new files in /opt/airflow/dags every 300 seconds
[2025-05-16T00:10:42.148+0000] {manager.py:738} INFO - Searching for files in /opt/airflow/dags
[2025-05-16T00:10:42.242+0000] {manager.py:741} INFO - There are 1 files in /opt/airflow/dags
[2025-05-16T00:10:42.425+0000] {manager.py:879} INFO - 
================================================================================
DAG File Processing Stats

File Path                                  PID  Runtime      # DAGs    # Errors  Last Runtime    Last Run
---------------------------------------  -----  ---------  --------  ----------  --------------  ----------
/opt/airflow/dags/breweries_pipeline.py     29  0.06s             0           0
================================================================================
[2025-05-16T00:11:12.517+0000] {manager.py:879} INFO - 
================================================================================
DAG File Processing Stats

File Path                                PID    Runtime      # DAGs    # Errors  Last Runtime    Last Run
---------------------------------------  -----  ---------  --------  ----------  --------------  -------------------
/opt/airflow/dags/breweries_pipeline.py                           1           0  1.97s           2025-05-16T00:10:44
================================================================================
[2025-05-16T00:11:42.868+0000] {manager.py:879} INFO - 
================================================================================
DAG File Processing Stats

File Path                                  PID  Runtime      # DAGs    # Errors  Last Runtime    Last Run
---------------------------------------  -----  ---------  --------  ----------  --------------  -------------------
/opt/airflow/dags/breweries_pipeline.py     35  28.28s            1           0  1.97s           2025-05-16T00:10:44
================================================================================
[2025-05-16T00:12:05.075+0000] {manager.py:1201} ERROR - Processor for /opt/airflow/dags/breweries_pipeline.py with PID 35 started at 2025-05-16T00:11:14.588225+00:00 has timed out, killing it.
[2025-05-16T00:12:13.467+0000] {manager.py:879} INFO - 
================================================================================
DAG File Processing Stats

File Path                                PID    Runtime      # DAGs    # Errors  Last Runtime    Last Run
---------------------------------------  -----  ---------  --------  ----------  --------------  -------------------
/opt/airflow/dags/breweries_pipeline.py                           0           1  50.49s          2025-05-16T00:12:05
================================================================================
[2025-05-16T00:13:19.022+0000] {manager.py:879} INFO - 
================================================================================
DAG File Processing Stats

File Path                                  PID  Runtime      # DAGs    # Errors  Last Runtime    Last Run
---------------------------------------  -----  ---------  --------  ----------  --------------  -------------------
/opt/airflow/dags/breweries_pipeline.py     37  43.38s            0           1  50.49s          2025-05-16T00:12:05
================================================================================
[2025-05-16T00:13:49.278+0000] {manager.py:879} INFO - 
================================================================================
DAG File Processing Stats

File Path                                  PID  Runtime      # DAGs    # Errors  Last Runtime    Last Run
---------------------------------------  -----  ---------  --------  ----------  --------------  -------------------
/opt/airflow/dags/breweries_pipeline.py     38  0.01s             0           1  43.42s          2025-05-16T00:13:19
================================================================================
[2025-05-16T00:14:19.590+0000] {manager.py:879} INFO - 
================================================================================
DAG File Processing Stats

File Path                                  PID  Runtime      # DAGs    # Errors  Last Runtime    Last Run
---------------------------------------  -----  ---------  --------  ----------  --------------  -------------------
/opt/airflow/dags/breweries_pipeline.py     38  30.33s            0           1  43.42s          2025-05-16T00:13:19
================================================================================
[2025-05-16T00:14:49.835+0000] {manager.py:879} INFO - 
================================================================================
DAG File Processing Stats

File Path                                PID    Runtime      # DAGs    # Errors  Last Runtime    Last Run
---------------------------------------  -----  ---------  --------  ----------  --------------  -------------------
/opt/airflow/dags/breweries_pipeline.py                           0           1  48.05s          2025-05-16T00:14:37
================================================================================
[2025-05-16T00:15:20.419+0000] {manager.py:879} INFO - 
================================================================================
DAG File Processing Stats

File Path                                  PID  Runtime      # DAGs    # Errors  Last Runtime    Last Run
---------------------------------------  -----  ---------  --------  ----------  --------------  -------------------
/opt/airflow/dags/breweries_pipeline.py     40  12.89s            0           1  48.05s          2025-05-16T00:14:37
================================================================================
[2025-05-16T00:15:42.816+0000] {manager.py:738} INFO - Searching for files in /opt/airflow/dags
[2025-05-16T00:15:44.197+0000] {manager.py:741} INFO - There are 1 files in /opt/airflow/dags
[2025-05-16T00:15:51.271+0000] {manager.py:879} INFO - 
================================================================================
DAG File Processing Stats

File Path                                PID    Runtime      # DAGs    # Errors  Last Runtime    Last Run
---------------------------------------  -----  ---------  --------  ----------  --------------  -------------------
/opt/airflow/dags/breweries_pipeline.py                           1           0  14.20s          2025-05-16T00:15:21
================================================================================
[2025-05-16T00:16:21.543+0000] {manager.py:879} INFO - 
================================================================================
DAG File Processing Stats

File Path                                PID    Runtime      # DAGs    # Errors  Last Runtime    Last Run
---------------------------------------  -----  ---------  --------  ----------  --------------  -------------------
/opt/airflow/dags/breweries_pipeline.py                           1           0  4.30s           2025-05-16T00:15:56
================================================================================
[2025-05-16T00:16:51.795+0000] {manager.py:879} INFO - 
================================================================================
DAG File Processing Stats

File Path                                PID    Runtime      # DAGs    # Errors  Last Runtime    Last Run
---------------------------------------  -----  ---------  --------  ----------  --------------  -------------------
/opt/airflow/dags/breweries_pipeline.py                           1           0  4.19s           2025-05-16T00:16:30
================================================================================
[2025-05-16T00:17:21.844+0000] {manager.py:879} INFO - 
================================================================================
DAG File Processing Stats

File Path                                PID    Runtime      # DAGs    # Errors  Last Runtime    Last Run
---------------------------------------  -----  ---------  --------  ----------  --------------  -------------------
/opt/airflow/dags/breweries_pipeline.py                           1           0  2.44s           2025-05-16T00:17:03
================================================================================
[2025-05-16T00:17:52.110+0000] {manager.py:879} INFO - 
================================================================================
DAG File Processing Stats

File Path                                  PID  Runtime      # DAGs    # Errors  Last Runtime    Last Run
---------------------------------------  -----  ---------  --------  ----------  --------------  -------------------
/opt/airflow/dags/breweries_pipeline.py     52  18.16s            1           0  2.44s           2025-05-16T00:17:03
================================================================================
[2025-05-16T00:18:22.371+0000] {manager.py:879} INFO - 
================================================================================
DAG File Processing Stats

File Path                                  PID  Runtime      # DAGs    # Errors  Last Runtime    Last Run
---------------------------------------  -----  ---------  --------  ----------  --------------  -------------------
/opt/airflow/dags/breweries_pipeline.py     52  48.42s            1           0  2.44s           2025-05-16T00:17:03
================================================================================
[2025-05-16T00:18:24.502+0000] {manager.py:1201} ERROR - Processor for /opt/airflow/dags/breweries_pipeline.py with PID 52 started at 2025-05-16T00:17:33.952415+00:00 has timed out, killing it.
[2025-05-16T00:18:52.757+0000] {manager.py:879} INFO - 
================================================================================
DAG File Processing Stats

File Path                                PID    Runtime      # DAGs    # Errors  Last Runtime    Last Run
---------------------------------------  -----  ---------  --------  ----------  --------------  -------------------
/opt/airflow/dags/breweries_pipeline.py                           0           1  50.55s          2025-05-16T00:18:24
================================================================================
[2025-05-16T00:21:05.718+0000] {manager.py:738} INFO - Searching for files in /opt/airflow/dags
[2025-05-16T00:21:06.118+0000] {manager.py:741} INFO - There are 1 files in /opt/airflow/dags
[2025-05-16T00:21:06.152+0000] {manager.py:1201} ERROR - Processor for /opt/airflow/dags/breweries_pipeline.py with PID 54 started at 2025-05-16T00:18:55.121769+00:00 has timed out, killing it.
[2025-05-16T00:21:06.158+0000] {manager.py:879} INFO - 
================================================================================
DAG File Processing Stats

File Path                                PID    Runtime      # DAGs    # Errors  Last Runtime    Last Run
---------------------------------------  -----  ---------  --------  ----------  --------------  -------------------
/opt/airflow/dags/breweries_pipeline.py                           0           1  131.03s         2025-05-16T00:21:06
================================================================================
[2025-05-16T00:21:36.438+0000] {manager.py:879} INFO - 
================================================================================
DAG File Processing Stats

File Path                                  PID  Runtime      # DAGs    # Errors  Last Runtime    Last Run
---------------------------------------  -----  ---------  --------  ----------  --------------  -------------------
/opt/airflow/dags/breweries_pipeline.py     56  0.01s             0           1  131.03s         2025-05-16T00:21:06
================================================================================
[2025-05-16T00:22:07.251+0000] {manager.py:879} INFO - 
================================================================================
DAG File Processing Stats

File Path                                PID    Runtime      # DAGs    # Errors  Last Runtime    Last Run
---------------------------------------  -----  ---------  --------  ----------  --------------  -------------------
/opt/airflow/dags/breweries_pipeline.py                           1           0  6.73s           2025-05-16T00:21:43
================================================================================
[2025-05-16T00:22:32.406+0000] {manager.py:451} INFO - Exiting gracefully upon receiving signal 15
[2025-05-16T09:02:51.242+0000] {manager.py:469} INFO - Processing files using up to 2 processes at a time 
[2025-05-16T09:02:51.242+0000] {manager.py:470} INFO - Process each file at most once every 30 seconds
[2025-05-16T09:02:51.244+0000] {manager.py:471} INFO - Checking for new files in /opt/airflow/dags every 300 seconds
[2025-05-16T09:02:51.244+0000] {manager.py:738} INFO - Searching for files in /opt/airflow/dags
[2025-05-16T09:02:51.287+0000] {manager.py:741} INFO - There are 1 files in /opt/airflow/dags
[2025-05-16T09:02:51.405+0000] {manager.py:879} INFO - 
================================================================================
DAG File Processing Stats

File Path                                  PID  Runtime      # DAGs    # Errors  Last Runtime    Last Run
---------------------------------------  -----  ---------  --------  ----------  --------------  ----------
/opt/airflow/dags/breweries_pipeline.py     33  0.08s             0           0
================================================================================
[2025-05-16T09:03:21.743+0000] {manager.py:879} INFO - 
================================================================================
DAG File Processing Stats

File Path                                PID    Runtime      # DAGs    # Errors  Last Runtime    Last Run
---------------------------------------  -----  ---------  --------  ----------  --------------  -------------------
/opt/airflow/dags/breweries_pipeline.py                           1           0  27.73s          2025-05-16T09:03:19
================================================================================
[2025-05-16T09:03:52.341+0000] {manager.py:879} INFO - 
================================================================================
DAG File Processing Stats

File Path                                PID    Runtime      # DAGs    # Errors  Last Runtime    Last Run
---------------------------------------  -----  ---------  --------  ----------  --------------  -------------------
/opt/airflow/dags/breweries_pipeline.py                           1           0  1.33s           2025-05-16T09:03:50
================================================================================
[2025-05-16T09:04:22.646+0000] {manager.py:879} INFO - 
================================================================================
DAG File Processing Stats

File Path                                PID    Runtime      # DAGs    # Errors  Last Runtime    Last Run
---------------------------------------  -----  ---------  --------  ----------  --------------  -------------------
/opt/airflow/dags/breweries_pipeline.py                           1           0  0.95s           2025-05-16T09:04:21
================================================================================
[2025-05-16T09:04:52.999+0000] {manager.py:879} INFO - 
================================================================================
DAG File Processing Stats

File Path                                  PID  Runtime      # DAGs    # Errors  Last Runtime    Last Run
---------------------------------------  -----  ---------  --------  ----------  --------------  -------------------
/opt/airflow/dags/breweries_pipeline.py     43  1.01s             1           0  0.95s           2025-05-16T09:04:21
================================================================================
[2025-05-16T09:05:23.413+0000] {manager.py:879} INFO - 
================================================================================
DAG File Processing Stats

File Path                                  PID  Runtime      # DAGs    # Errors  Last Runtime    Last Run
---------------------------------------  -----  ---------  --------  ----------  --------------  -------------------
/opt/airflow/dags/breweries_pipeline.py     45  0.01s             1           0  1.05s           2025-05-16T09:04:53
================================================================================
[2025-05-16T09:05:53.599+0000] {manager.py:879} INFO - 
================================================================================
DAG File Processing Stats

File Path                                PID    Runtime      # DAGs    # Errors  Last Runtime    Last Run
---------------------------------------  -----  ---------  --------  ----------  --------------  -------------------
/opt/airflow/dags/breweries_pipeline.py                           1           0  0.93s           2025-05-16T09:05:24
================================================================================
[2025-05-16T09:06:23.837+0000] {manager.py:879} INFO - 
================================================================================
DAG File Processing Stats

File Path                                PID    Runtime      # DAGs    # Errors  Last Runtime    Last Run
---------------------------------------  -----  ---------  --------  ----------  --------------  -------------------
/opt/airflow/dags/breweries_pipeline.py                           1           0  0.68s           2025-05-16T09:05:55
================================================================================
[2025-05-16T09:06:53.908+0000] {manager.py:879} INFO - 
================================================================================
DAG File Processing Stats

File Path                                PID    Runtime      # DAGs    # Errors  Last Runtime    Last Run
---------------------------------------  -----  ---------  --------  ----------  --------------  -------------------
/opt/airflow/dags/breweries_pipeline.py                           1           0  1.00s           2025-05-16T09:06:26
================================================================================
[2025-05-16T09:07:23.996+0000] {manager.py:879} INFO - 
================================================================================
DAG File Processing Stats

File Path                                PID    Runtime      # DAGs    # Errors  Last Runtime    Last Run
---------------------------------------  -----  ---------  --------  ----------  --------------  -------------------
/opt/airflow/dags/breweries_pipeline.py                           1           0  0.68s           2025-05-16T09:06:57
================================================================================
[2025-05-16T09:07:51.482+0000] {manager.py:738} INFO - Searching for files in /opt/airflow/dags
[2025-05-16T09:07:51.499+0000] {manager.py:741} INFO - There are 1 files in /opt/airflow/dags
[2025-05-16T09:07:54.062+0000] {manager.py:879} INFO - 
================================================================================
DAG File Processing Stats

File Path                                PID    Runtime      # DAGs    # Errors  Last Runtime    Last Run
---------------------------------------  -----  ---------  --------  ----------  --------------  -------------------
/opt/airflow/dags/breweries_pipeline.py                           1           0  0.80s           2025-05-16T09:07:28
================================================================================
[2025-05-16T09:08:24.581+0000] {manager.py:879} INFO - 
================================================================================
DAG File Processing Stats

File Path                                PID    Runtime      # DAGs    # Errors  Last Runtime    Last Run
---------------------------------------  -----  ---------  --------  ----------  --------------  -------------------
/opt/airflow/dags/breweries_pipeline.py                           1           0  1.06s           2025-05-16T09:08:00
================================================================================
[2025-05-16T09:08:54.696+0000] {manager.py:879} INFO - 
================================================================================
DAG File Processing Stats

File Path                                PID    Runtime      # DAGs    # Errors  Last Runtime    Last Run
---------------------------------------  -----  ---------  --------  ----------  --------------  -------------------
/opt/airflow/dags/breweries_pipeline.py                           1           0  0.77s           2025-05-16T09:08:31
================================================================================
[2025-05-16T09:09:04.365+0000] {manager.py:451} INFO - Exiting gracefully upon receiving signal 15
[2025-05-16T09:09:31.215+0000] {manager.py:469} INFO - Processing files using up to 2 processes at a time 
[2025-05-16T09:09:31.215+0000] {manager.py:470} INFO - Process each file at most once every 30 seconds
[2025-05-16T09:09:31.216+0000] {manager.py:471} INFO - Checking for new files in /opt/airflow/dags every 300 seconds
[2025-05-16T09:09:31.216+0000] {manager.py:738} INFO - Searching for files in /opt/airflow/dags
[2025-05-16T09:09:31.243+0000] {manager.py:741} INFO - There are 1 files in /opt/airflow/dags
[2025-05-16T09:09:31.320+0000] {manager.py:879} INFO - 
================================================================================
DAG File Processing Stats

File Path                                  PID  Runtime      # DAGs    # Errors  Last Runtime    Last Run
---------------------------------------  -----  ---------  --------  ----------  --------------  ----------
/opt/airflow/dags/breweries_pipeline.py     33  0.04s             0           0
================================================================================
[2025-05-16T09:10:01.665+0000] {manager.py:879} INFO - 
================================================================================
DAG File Processing Stats

File Path                                PID    Runtime      # DAGs    # Errors  Last Runtime    Last Run
---------------------------------------  -----  ---------  --------  ----------  --------------  -------------------
/opt/airflow/dags/breweries_pipeline.py                           1           0  3.19s           2025-05-16T09:09:34
================================================================================
[2025-05-16T09:10:28.611+0000] {manager.py:451} INFO - Exiting gracefully upon receiving signal 15
[2025-05-16T09:11:17.619+0000] {manager.py:469} INFO - Processing files using up to 2 processes at a time 
[2025-05-16T09:11:17.619+0000] {manager.py:470} INFO - Process each file at most once every 30 seconds
[2025-05-16T09:11:17.620+0000] {manager.py:471} INFO - Checking for new files in /opt/airflow/dags every 300 seconds
[2025-05-16T09:11:17.620+0000] {manager.py:738} INFO - Searching for files in /opt/airflow/dags
[2025-05-16T09:11:17.654+0000] {manager.py:741} INFO - There are 1 files in /opt/airflow/dags
[2025-05-16T09:11:17.765+0000] {manager.py:879} INFO - 
================================================================================
DAG File Processing Stats

File Path                                  PID  Runtime      # DAGs    # Errors  Last Runtime    Last Run
---------------------------------------  -----  ---------  --------  ----------  --------------  ----------
/opt/airflow/dags/breweries_pipeline.py     33  0.06s             0           0
================================================================================
[2025-05-16T09:11:48.062+0000] {manager.py:879} INFO - 
================================================================================
DAG File Processing Stats

File Path                                PID    Runtime      # DAGs    # Errors  Last Runtime    Last Run
---------------------------------------  -----  ---------  --------  ----------  --------------  -------------------
/opt/airflow/dags/breweries_pipeline.py                           1           0  1.38s           2025-05-16T09:11:19
================================================================================
[2025-05-16T09:12:18.684+0000] {manager.py:879} INFO - 
================================================================================
DAG File Processing Stats

File Path                                PID    Runtime      # DAGs    # Errors  Last Runtime    Last Run
---------------------------------------  -----  ---------  --------  ----------  --------------  -------------------
/opt/airflow/dags/breweries_pipeline.py                           1           0  1.12s           2025-05-16T09:11:50
================================================================================
