[2025-05-15T23:56:08.539+0000] {taskinstance.py:1956} INFO - Dependencies all met for dep_context=non-requeueable deps ti=<TaskInstance: breweries_etl_pipeline.extract_breweries scheduled__2025-05-14T00:00:00+00:00 [queued]>
[2025-05-15T23:56:08.565+0000] {taskinstance.py:1956} INFO - Dependencies all met for dep_context=requeueable deps ti=<TaskInstance: breweries_etl_pipeline.extract_breweries scheduled__2025-05-14T00:00:00+00:00 [queued]>
[2025-05-15T23:56:08.567+0000] {taskinstance.py:2170} INFO - Starting attempt 3 of 6
[2025-05-15T23:56:08.605+0000] {taskinstance.py:2191} INFO - Executing <Task(PythonOperator): extract_breweries> on 2025-05-14 00:00:00+00:00
[2025-05-15T23:56:08.619+0000] {standard_task_runner.py:60} INFO - Started process 8671 to run task
[2025-05-15T23:56:08.625+0000] {standard_task_runner.py:87} INFO - Running: ['***', 'tasks', 'run', 'breweries_etl_pipeline', 'extract_breweries', 'scheduled__2025-05-14T00:00:00+00:00', '--job-id', '209', '--raw', '--subdir', 'DAGS_FOLDER/breweries_pipeline.py', '--cfg-path', '/tmp/tmpvxh3b26a']
[2025-05-15T23:56:08.628+0000] {standard_task_runner.py:88} INFO - Job 209: Subtask extract_breweries
[2025-05-15T23:56:08.660+0000] {warnings.py:109} WARNING - /home/***/.local/lib/python3.8/site-packages/***/settings.py:194: DeprecationWarning: The sql_alchemy_conn option in [core] has been moved to the sql_alchemy_conn option in [database] - the old setting has been used, but please update your config.
  SQL_ALCHEMY_CONN = conf.get("database", "SQL_ALCHEMY_CONN")

[2025-05-15T23:56:08.775+0000] {task_command.py:423} INFO - Running <TaskInstance: breweries_etl_pipeline.extract_breweries scheduled__2025-05-14T00:00:00+00:00 [running]> on host dd755db511a0
[2025-05-15T23:56:08.999+0000] {taskinstance.py:2480} INFO - Exporting env vars: AIRFLOW_CTX_DAG_OWNER='***' AIRFLOW_CTX_DAG_ID='breweries_etl_pipeline' AIRFLOW_CTX_TASK_ID='extract_breweries' AIRFLOW_CTX_EXECUTION_DATE='2025-05-14T00:00:00+00:00' AIRFLOW_CTX_TRY_NUMBER='3' AIRFLOW_CTX_DAG_RUN_ID='scheduled__2025-05-14T00:00:00+00:00'
[2025-05-15T23:56:09.001+0000] {logging_mixin.py:188} INFO - 🔹 Iniciando extração de dados da API Open Brewery DB
[2025-05-15T23:56:10.265+0000] {logging_mixin.py:188} INFO - ✔️ Página 1 extraída com 200 registros
[2025-05-15T23:56:14.524+0000] {logging_mixin.py:188} INFO - ✔️ Página 2 extraída com 200 registros
[2025-05-15T23:56:19.199+0000] {logging_mixin.py:188} INFO - ✔️ Página 3 extraída com 200 registros
[2025-05-15T23:56:21.070+0000] {logging_mixin.py:188} INFO - ✔️ Página 4 extraída com 200 registros
[2025-05-15T23:56:22.257+0000] {logging_mixin.py:188} INFO - ✔️ Página 5 extraída com 200 registros
[2025-05-15T23:56:25.642+0000] {logging_mixin.py:188} INFO - ✔️ Página 6 extraída com 200 registros
[2025-05-15T23:56:26.826+0000] {logging_mixin.py:188} INFO - ✔️ Página 7 extraída com 200 registros
[2025-05-15T23:56:28.088+0000] {logging_mixin.py:188} INFO - ✔️ Página 8 extraída com 200 registros
[2025-05-15T23:56:34.944+0000] {logging_mixin.py:188} INFO - ✔️ Página 9 extraída com 200 registros
[2025-05-15T23:56:35.628+0000] {logging_mixin.py:188} INFO - ✔️ Página 10 extraída com 200 registros
[2025-05-15T23:56:36.823+0000] {logging_mixin.py:188} INFO - ✔️ Página 11 extraída com 200 registros
[2025-05-15T23:56:41.497+0000] {logging_mixin.py:188} INFO - ✔️ Página 12 extraída com 200 registros
[2025-05-15T23:56:43.300+0000] {logging_mixin.py:188} INFO - ✔️ Página 13 extraída com 200 registros
[2025-05-15T23:56:44.562+0000] {logging_mixin.py:188} INFO - ✔️ Página 14 extraída com 200 registros
[2025-05-15T23:56:46.423+0000] {logging_mixin.py:188} INFO - ✔️ Página 15 extraída com 200 registros
[2025-05-15T23:56:47.708+0000] {logging_mixin.py:188} INFO - ✔️ Página 16 extraída com 200 registros
[2025-05-15T23:56:53.563+0000] {logging_mixin.py:188} INFO - ✔️ Página 17 extraída com 200 registros
[2025-05-15T23:57:12.174+0000] {logging_mixin.py:188} INFO - ✔️ Página 18 extraída com 200 registros
[2025-05-15T23:57:12.871+0000] {logging_mixin.py:188} INFO - ✔️ Página 19 extraída com 200 registros
[2025-05-15T23:57:20.005+0000] {logging_mixin.py:188} INFO - ✔️ Página 20 extraída com 200 registros
[2025-05-15T23:57:21.144+0000] {logging_mixin.py:188} INFO - ✔️ Página 21 extraída com 200 registros
[2025-05-15T23:57:21.796+0000] {logging_mixin.py:188} INFO - ✔️ Página 22 extraída com 200 registros
[2025-05-15T23:57:23.027+0000] {logging_mixin.py:188} INFO - ✔️ Página 23 extraída com 200 registros
[2025-05-15T23:57:50.439+0000] {logging_mixin.py:188} INFO - ✔️ Página 24 extraída com 200 registros
[2025-05-15T23:57:51.693+0000] {logging_mixin.py:188} INFO - ✔️ Página 25 extraída com 200 registros
[2025-05-15T23:57:52.150+0000] {logging_mixin.py:188} INFO - ✔️ Página 26 extraída com 200 registros
[2025-05-15T23:57:53.385+0000] {logging_mixin.py:188} INFO - ✔️ Página 27 extraída com 200 registros
[2025-05-15T23:57:54.675+0000] {logging_mixin.py:188} INFO - ✔️ Página 28 extraída com 200 registros
[2025-05-15T23:57:55.870+0000] {logging_mixin.py:188} INFO - ✔️ Página 29 extraída com 200 registros
[2025-05-15T23:57:57.077+0000] {logging_mixin.py:188} INFO - ✔️ Página 30 extraída com 200 registros
[2025-05-15T23:58:08.066+0000] {logging_mixin.py:188} INFO - ✔️ Página 31 extraída com 200 registros
[2025-05-15T23:58:15.226+0000] {logging_mixin.py:188} INFO - ✔️ Página 32 extraída com 200 registros
[2025-05-15T23:58:15.639+0000] {logging_mixin.py:188} INFO - ✔️ Página 33 extraída com 200 registros
[2025-05-15T23:58:16.875+0000] {logging_mixin.py:188} INFO - ✔️ Página 34 extraída com 200 registros
[2025-05-15T23:58:47.793+0000] {logging_mixin.py:188} INFO - ✔️ Página 35 extraída com 200 registros
[2025-05-15T23:58:48.855+0000] {logging_mixin.py:188} INFO - ✔️ Página 36 extraída com 200 registros
[2025-05-15T23:58:50.018+0000] {logging_mixin.py:188} INFO - ✔️ Página 37 extraída com 200 registros
[2025-05-15T23:58:51.125+0000] {logging_mixin.py:188} INFO - ✔️ Página 38 extraída com 200 registros
[2025-05-15T23:58:52.236+0000] {logging_mixin.py:188} INFO - ✔️ Página 39 extraída com 200 registros
[2025-05-15T23:58:53.393+0000] {logging_mixin.py:188} INFO - ✔️ Página 40 extraída com 200 registros
[2025-05-15T23:58:57.756+0000] {logging_mixin.py:188} INFO - ✔️ Página 41 extraída com 200 registros
[2025-05-15T23:59:18.554+0000] {logging_mixin.py:188} INFO - ✔️ Página 42 extraída com 170 registros
[2025-05-15T23:59:20.832+0000] {logging_mixin.py:188} INFO - 📤 Enviado para S3: s3://bronze/breweries_raw_20250514.json
[2025-05-15T23:59:20.834+0000] {logging_mixin.py:188} INFO - ✅ Extração concluída. Total de registros: 8370
[2025-05-15T23:59:20.852+0000] {python.py:201} INFO - Done. Returned value was: None
[2025-05-15T23:59:20.877+0000] {taskinstance.py:1138} INFO - Marking task as SUCCESS. dag_id=breweries_etl_pipeline, task_id=extract_breweries, execution_date=20250514T000000, start_date=20250515T235608, end_date=20250515T235920
[2025-05-15T23:59:20.933+0000] {local_task_job_runner.py:234} INFO - Task exited with return code 0
[2025-05-15T23:59:21.012+0000] {taskinstance.py:3280} INFO - 1 downstream tasks scheduled from follow-on schedule check
