[2025-05-16T00:10:50.515+0000] {taskinstance.py:1956} INFO - Dependencies all met for dep_context=non-requeueable deps ti=<TaskInstance: breweries_etl_pipeline.aggregate_to_gold scheduled__2025-05-14T00:00:00+00:00 [queued]>
[2025-05-16T00:10:50.545+0000] {taskinstance.py:1956} INFO - Dependencies all met for dep_context=requeueable deps ti=<TaskInstance: breweries_etl_pipeline.aggregate_to_gold scheduled__2025-05-14T00:00:00+00:00 [queued]>
[2025-05-16T00:10:50.545+0000] {taskinstance.py:2170} INFO - Starting attempt 2 of 6
[2025-05-16T00:10:50.573+0000] {taskinstance.py:2191} INFO - Executing <Task(PythonOperator): aggregate_to_gold> on 2025-05-14 00:00:00+00:00
[2025-05-16T00:10:50.585+0000] {standard_task_runner.py:60} INFO - Started process 51 to run task
[2025-05-16T00:10:50.595+0000] {standard_task_runner.py:87} INFO - Running: ['***', 'tasks', 'run', 'breweries_etl_pipeline', 'aggregate_to_gold', 'scheduled__2025-05-14T00:00:00+00:00', '--job-id', '218', '--raw', '--subdir', 'DAGS_FOLDER/breweries_pipeline.py', '--cfg-path', '/tmp/tmp12lwdzsy']
[2025-05-16T00:10:50.598+0000] {standard_task_runner.py:88} INFO - Job 218: Subtask aggregate_to_gold
[2025-05-16T00:10:50.628+0000] {warnings.py:109} WARNING - /home/***/.local/lib/python3.8/site-packages/***/settings.py:194: DeprecationWarning: The sql_alchemy_conn option in [core] has been moved to the sql_alchemy_conn option in [database] - the old setting has been used, but please update your config.
  SQL_ALCHEMY_CONN = conf.get("database", "SQL_ALCHEMY_CONN")

[2025-05-16T00:10:50.737+0000] {task_command.py:423} INFO - Running <TaskInstance: breweries_etl_pipeline.aggregate_to_gold scheduled__2025-05-14T00:00:00+00:00 [running]> on host dd755db511a0
[2025-05-16T00:10:50.974+0000] {taskinstance.py:2480} INFO - Exporting env vars: AIRFLOW_CTX_DAG_OWNER='***' AIRFLOW_CTX_DAG_ID='breweries_etl_pipeline' AIRFLOW_CTX_TASK_ID='aggregate_to_gold' AIRFLOW_CTX_EXECUTION_DATE='2025-05-14T00:00:00+00:00' AIRFLOW_CTX_TRY_NUMBER='2' AIRFLOW_CTX_DAG_RUN_ID='scheduled__2025-05-14T00:00:00+00:00'
[2025-05-16T00:10:50.977+0000] {logging_mixin.py:188} INFO - 🔹 Iniciando agregação dos dados (Silver ➝ Gold)
[2025-05-16T00:14:19.834+0000] {taskinstance.py:2698} ERROR - Task failed with exception
Traceback (most recent call last):
  File "/home/airflow/.local/lib/python3.8/site-packages/airflow/models/taskinstance.py", line 433, in _execute_task
    result = execute_callable(context=context, **execute_callable_kwargs)
  File "/home/airflow/.local/lib/python3.8/site-packages/airflow/operators/python.py", line 199, in execute
    return_value = self.execute_callable()
  File "/home/airflow/.local/lib/python3.8/site-packages/airflow/operators/python.py", line 216, in execute_callable
    return self.python_callable(*self.op_args, **self.op_kwargs)
  File "/opt/airflow/dags/src/aggregate.py", line 25, in aggregate_to_gold
    agg_df.write \
  File "/home/airflow/.local/lib/python3.8/site-packages/pyspark/sql/readwriter.py", line 968, in save
    self._jwrite.save(path)
  File "/home/airflow/.local/lib/python3.8/site-packages/py4j/java_gateway.py", line 1321, in __call__
    return_value = get_return_value(
  File "/home/airflow/.local/lib/python3.8/site-packages/pyspark/sql/utils.py", line 190, in deco
    return f(*a, **kw)
  File "/home/airflow/.local/lib/python3.8/site-packages/py4j/protocol.py", line 326, in get_return_value
    raise Py4JJavaError(
py4j.protocol.Py4JJavaError: An error occurred while calling o60.save.
: org.apache.spark.SparkException: Job aborted.
	at org.apache.spark.sql.errors.QueryExecutionErrors$.jobAbortedError(QueryExecutionErrors.scala:651)
	at org.apache.spark.sql.execution.datasources.FileFormatWriter$.write(FileFormatWriter.scala:288)
	at org.apache.spark.sql.delta.files.TransactionalWrite.$anonfun$writeFiles$1(TransactionalWrite.scala:398)
	at org.apache.spark.sql.execution.SQLExecution$.$anonfun$withNewExecutionId$6(SQLExecution.scala:109)
	at org.apache.spark.sql.execution.SQLExecution$.withSQLConfPropagated(SQLExecution.scala:169)
	at org.apache.spark.sql.execution.SQLExecution$.$anonfun$withNewExecutionId$1(SQLExecution.scala:95)
	at org.apache.spark.sql.SparkSession.withActive(SparkSession.scala:779)
	at org.apache.spark.sql.execution.SQLExecution$.withNewExecutionId(SQLExecution.scala:64)
	at org.apache.spark.sql.delta.files.TransactionalWrite.writeFiles(TransactionalWrite.scala:353)
	at org.apache.spark.sql.delta.files.TransactionalWrite.writeFiles$(TransactionalWrite.scala:328)
	at org.apache.spark.sql.delta.OptimisticTransaction.writeFiles(OptimisticTransaction.scala:129)
	at org.apache.spark.sql.delta.files.TransactionalWrite.writeFiles(TransactionalWrite.scala:212)
	at org.apache.spark.sql.delta.files.TransactionalWrite.writeFiles$(TransactionalWrite.scala:209)
	at org.apache.spark.sql.delta.OptimisticTransaction.writeFiles(OptimisticTransaction.scala:129)
	at org.apache.spark.sql.delta.commands.WriteIntoDelta.write(WriteIntoDelta.scala:331)
	at org.apache.spark.sql.delta.commands.WriteIntoDelta.$anonfun$run$1(WriteIntoDelta.scala:97)
	at org.apache.spark.sql.delta.commands.WriteIntoDelta.$anonfun$run$1$adapted(WriteIntoDelta.scala:92)
	at org.apache.spark.sql.delta.DeltaLog.withNewTransaction(DeltaLog.scala:233)
	at org.apache.spark.sql.delta.commands.WriteIntoDelta.run(WriteIntoDelta.scala:92)
	at org.apache.spark.sql.delta.sources.DeltaDataSource.createRelation(DeltaDataSource.scala:171)
	at org.apache.spark.sql.execution.datasources.SaveIntoDataSourceCommand.run(SaveIntoDataSourceCommand.scala:47)
	at org.apache.spark.sql.execution.command.ExecutedCommandExec.sideEffectResult$lzycompute(commands.scala:75)
	at org.apache.spark.sql.execution.command.ExecutedCommandExec.sideEffectResult(commands.scala:73)
	at org.apache.spark.sql.execution.command.ExecutedCommandExec.executeCollect(commands.scala:84)
	at org.apache.spark.sql.execution.QueryExecution$$anonfun$eagerlyExecuteCommands$1.$anonfun$applyOrElse$1(QueryExecution.scala:98)
	at org.apache.spark.sql.execution.SQLExecution$.$anonfun$withNewExecutionId$6(SQLExecution.scala:109)
	at org.apache.spark.sql.execution.SQLExecution$.withSQLConfPropagated(SQLExecution.scala:169)
	at org.apache.spark.sql.execution.SQLExecution$.$anonfun$withNewExecutionId$1(SQLExecution.scala:95)
	at org.apache.spark.sql.SparkSession.withActive(SparkSession.scala:779)
	at org.apache.spark.sql.execution.SQLExecution$.withNewExecutionId(SQLExecution.scala:64)
	at org.apache.spark.sql.execution.QueryExecution$$anonfun$eagerlyExecuteCommands$1.applyOrElse(QueryExecution.scala:98)
	at org.apache.spark.sql.execution.QueryExecution$$anonfun$eagerlyExecuteCommands$1.applyOrElse(QueryExecution.scala:94)
	at org.apache.spark.sql.catalyst.trees.TreeNode.$anonfun$transformDownWithPruning$1(TreeNode.scala:584)
	at org.apache.spark.sql.catalyst.trees.CurrentOrigin$.withOrigin(TreeNode.scala:176)
	at org.apache.spark.sql.catalyst.trees.TreeNode.transformDownWithPruning(TreeNode.scala:584)
	at org.apache.spark.sql.catalyst.plans.logical.LogicalPlan.org$apache$spark$sql$catalyst$plans$logical$AnalysisHelper$$super$transformDownWithPruning(LogicalPlan.scala:30)
	at org.apache.spark.sql.catalyst.plans.logical.AnalysisHelper.transformDownWithPruning(AnalysisHelper.scala:267)
	at org.apache.spark.sql.catalyst.plans.logical.AnalysisHelper.transformDownWithPruning$(AnalysisHelper.scala:263)
	at org.apache.spark.sql.catalyst.plans.logical.LogicalPlan.transformDownWithPruning(LogicalPlan.scala:30)
	at org.apache.spark.sql.catalyst.plans.logical.LogicalPlan.transformDownWithPruning(LogicalPlan.scala:30)
	at org.apache.spark.sql.catalyst.trees.TreeNode.transformDown(TreeNode.scala:560)
	at org.apache.spark.sql.execution.QueryExecution.eagerlyExecuteCommands(QueryExecution.scala:94)
	at org.apache.spark.sql.execution.QueryExecution.commandExecuted$lzycompute(QueryExecution.scala:81)
	at org.apache.spark.sql.execution.QueryExecution.commandExecuted(QueryExecution.scala:79)
	at org.apache.spark.sql.execution.QueryExecution.assertCommandExecuted(QueryExecution.scala:116)
	at org.apache.spark.sql.DataFrameWriter.runCommand(DataFrameWriter.scala:860)
	at org.apache.spark.sql.DataFrameWriter.saveToV1Source(DataFrameWriter.scala:390)
	at org.apache.spark.sql.DataFrameWriter.saveInternal(DataFrameWriter.scala:303)
	at org.apache.spark.sql.DataFrameWriter.save(DataFrameWriter.scala:239)
	at java.base/jdk.internal.reflect.NativeMethodAccessorImpl.invoke0(Native Method)
	at java.base/jdk.internal.reflect.NativeMethodAccessorImpl.invoke(NativeMethodAccessorImpl.java:77)
	at java.base/jdk.internal.reflect.DelegatingMethodAccessorImpl.invoke(DelegatingMethodAccessorImpl.java:43)
	at java.base/java.lang.reflect.Method.invoke(Method.java:569)
	at py4j.reflection.MethodInvoker.invoke(MethodInvoker.java:244)
	at py4j.reflection.ReflectionEngine.invoke(ReflectionEngine.java:357)
	at py4j.Gateway.invoke(Gateway.java:282)
	at py4j.commands.AbstractCommand.invokeMethod(AbstractCommand.java:132)
	at py4j.commands.CallCommand.execute(CallCommand.java:79)
	at py4j.ClientServerConnection.waitForCommands(ClientServerConnection.java:182)
	at py4j.ClientServerConnection.run(ClientServerConnection.java:106)
	at java.base/java.lang.Thread.run(Thread.java:840)
Caused by: org.apache.spark.SparkException: Job aborted due to stage failure: Task 0 in stage 12.0 failed 1 times, most recent failure: Lost task 0.0 in stage 12.0 (TID 112) (dd755db511a0 executor driver): org.apache.spark.SparkException: Task failed while writing rows.
	at org.apache.spark.sql.errors.QueryExecutionErrors$.taskFailedWhileWritingRowsError(QueryExecutionErrors.scala:655)
	at org.apache.spark.sql.execution.datasources.FileFormatWriter$.executeTask(FileFormatWriter.scala:358)
	at org.apache.spark.sql.execution.datasources.FileFormatWriter$.$anonfun$write$22(FileFormatWriter.scala:266)
	at org.apache.spark.scheduler.ResultTask.runTask(ResultTask.scala:90)
	at org.apache.spark.scheduler.Task.run(Task.scala:136)
	at org.apache.spark.executor.Executor$TaskRunner.$anonfun$run$3(Executor.scala:548)
	at org.apache.spark.util.Utils$.tryWithSafeFinally(Utils.scala:1504)
	at org.apache.spark.executor.Executor$TaskRunner.run(Executor.scala:551)
	at java.base/java.util.concurrent.ThreadPoolExecutor.runWorker(ThreadPoolExecutor.java:1136)
	at java.base/java.util.concurrent.ThreadPoolExecutor$Worker.run(ThreadPoolExecutor.java:635)
	at java.base/java.lang.Thread.run(Thread.java:840)
Caused by: org.apache.hadoop.fs.s3a.AWSBadRequestException: Writing Object on breweries_summary/date=20250514/state=Kansas/part-00000-75789c45-ee8b-4752-91b8-eb785324ea93.c000.snappy.parquet: com.amazonaws.services.s3.model.AmazonS3Exception: You did not provide the number of bytes specified by the Content-Length HTTP header. (Service: Amazon S3; Status Code: 400; Error Code: IncompleteBody; Request ID: 183FD9988447EF5E; S3 Extended Request ID: dd9025bab4ad464b049177c95eb6ebf374d3b3fd1af9251148b658df7ac2e3e8; Proxy: null), S3 Extended Request ID: dd9025bab4ad464b049177c95eb6ebf374d3b3fd1af9251148b658df7ac2e3e8:IncompleteBody: You did not provide the number of bytes specified by the Content-Length HTTP header. (Service: Amazon S3; Status Code: 400; Error Code: IncompleteBody; Request ID: 183FD9988447EF5E; S3 Extended Request ID: dd9025bab4ad464b049177c95eb6ebf374d3b3fd1af9251148b658df7ac2e3e8; Proxy: null)
	at org.apache.hadoop.fs.s3a.S3AUtils.translateException(S3AUtils.java:249)
	at org.apache.hadoop.fs.s3a.Invoker.once(Invoker.java:119)
	at org.apache.hadoop.fs.s3a.Invoker.lambda$retry$4(Invoker.java:322)
	at org.apache.hadoop.fs.s3a.Invoker.retryUntranslated(Invoker.java:414)
	at org.apache.hadoop.fs.s3a.Invoker.retry(Invoker.java:318)
	at org.apache.hadoop.fs.s3a.Invoker.retry(Invoker.java:293)
	at org.apache.hadoop.fs.s3a.WriteOperationHelper.retry(WriteOperationHelper.java:208)
	at org.apache.hadoop.fs.s3a.WriteOperationHelper.putObject(WriteOperationHelper.java:563)
	at org.apache.hadoop.fs.s3a.S3ABlockOutputStream.lambda$putObject$0(S3ABlockOutputStream.java:562)
	at org.apache.hadoop.thirdparty.com.google.common.util.concurrent.TrustedListenableFutureTask$TrustedFutureInterruptibleTask.runInterruptibly(TrustedListenableFutureTask.java:125)
	at org.apache.hadoop.thirdparty.com.google.common.util.concurrent.InterruptibleTask.run(InterruptibleTask.java:69)
	at org.apache.hadoop.thirdparty.com.google.common.util.concurrent.TrustedListenableFutureTask.run(TrustedListenableFutureTask.java:78)
	at org.apache.hadoop.util.SemaphoredDelegatingExecutor$RunnableWithPermitRelease.run(SemaphoredDelegatingExecutor.java:196)
	at org.apache.hadoop.util.SemaphoredDelegatingExecutor$RunnableWithPermitRelease.run(SemaphoredDelegatingExecutor.java:196)
	... 3 more
Caused by: com.amazonaws.services.s3.model.AmazonS3Exception: You did not provide the number of bytes specified by the Content-Length HTTP header. (Service: Amazon S3; Status Code: 400; Error Code: IncompleteBody; Request ID: 183FD9988447EF5E; S3 Extended Request ID: dd9025bab4ad464b049177c95eb6ebf374d3b3fd1af9251148b658df7ac2e3e8; Proxy: null), S3 Extended Request ID: dd9025bab4ad464b049177c95eb6ebf374d3b3fd1af9251148b658df7ac2e3e8
	at com.amazonaws.http.AmazonHttpClient$RequestExecutor.handleErrorResponse(AmazonHttpClient.java:1819)
	at com.amazonaws.http.AmazonHttpClient$RequestExecutor.handleServiceErrorResponse(AmazonHttpClient.java:1403)
	at com.amazonaws.http.AmazonHttpClient$RequestExecutor.executeOneRequest(AmazonHttpClient.java:1372)
	at com.amazonaws.http.AmazonHttpClient$RequestExecutor.executeHelper(AmazonHttpClient.java:1145)
	at com.amazonaws.http.AmazonHttpClient$RequestExecutor.doExecute(AmazonHttpClient.java:802)
	at com.amazonaws.http.AmazonHttpClient$RequestExecutor.executeWithTimer(AmazonHttpClient.java:770)
	at com.amazonaws.http.AmazonHttpClient$RequestExecutor.execute(AmazonHttpClient.java:744)
	at com.amazonaws.http.AmazonHttpClient$RequestExecutor.access$500(AmazonHttpClient.java:704)
	at com.amazonaws.http.AmazonHttpClient$RequestExecutionBuilderImpl.execute(AmazonHttpClient.java:686)
	at com.amazonaws.http.AmazonHttpClient.execute(AmazonHttpClient.java:550)
	at com.amazonaws.http.AmazonHttpClient.execute(AmazonHttpClient.java:530)
	at com.amazonaws.services.s3.AmazonS3Client.invoke(AmazonS3Client.java:5437)
	at com.amazonaws.services.s3.AmazonS3Client.invoke(AmazonS3Client.java:5384)
	at com.amazonaws.services.s3.AmazonS3Client.access$300(AmazonS3Client.java:421)
	at com.amazonaws.services.s3.AmazonS3Client$PutObjectStrategy.invokeServiceCall(AmazonS3Client.java:6508)
	at com.amazonaws.services.s3.AmazonS3Client.uploadObject(AmazonS3Client.java:1856)
	at com.amazonaws.services.s3.AmazonS3Client.putObject(AmazonS3Client.java:1816)
	at org.apache.hadoop.fs.s3a.S3AFileSystem.lambda$putObjectDirect$17(S3AFileSystem.java:2877)
	at org.apache.hadoop.fs.statistics.impl.IOStatisticsBinding.trackDurationOfSupplier(IOStatisticsBinding.java:604)
	at org.apache.hadoop.fs.s3a.S3AFileSystem.putObjectDirect(S3AFileSystem.java:2874)
	at org.apache.hadoop.fs.s3a.WriteOperationHelper.lambda$putObject$7(WriteOperationHelper.java:566)
	at org.apache.hadoop.fs.store.audit.AuditingFunctions.lambda$withinAuditSpan$0(AuditingFunctions.java:62)
	at org.apache.hadoop.fs.s3a.Invoker.once(Invoker.java:117)
	... 15 more

Driver stacktrace:
	at org.apache.spark.scheduler.DAGScheduler.failJobAndIndependentStages(DAGScheduler.scala:2672)
	at org.apache.spark.scheduler.DAGScheduler.$anonfun$abortStage$2(DAGScheduler.scala:2608)
	at org.apache.spark.scheduler.DAGScheduler.$anonfun$abortStage$2$adapted(DAGScheduler.scala:2607)
	at scala.collection.mutable.ResizableArray.foreach(ResizableArray.scala:62)
	at scala.collection.mutable.ResizableArray.foreach$(ResizableArray.scala:55)
	at scala.collection.mutable.ArrayBuffer.foreach(ArrayBuffer.scala:49)
	at org.apache.spark.scheduler.DAGScheduler.abortStage(DAGScheduler.scala:2607)
	at org.apache.spark.scheduler.DAGScheduler.$anonfun$handleTaskSetFailed$1(DAGScheduler.scala:1182)
	at org.apache.spark.scheduler.DAGScheduler.$anonfun$handleTaskSetFailed$1$adapted(DAGScheduler.scala:1182)
	at scala.Option.foreach(Option.scala:407)
	at org.apache.spark.scheduler.DAGScheduler.handleTaskSetFailed(DAGScheduler.scala:1182)
	at org.apache.spark.scheduler.DAGSchedulerEventProcessLoop.doOnReceive(DAGScheduler.scala:2860)
	at org.apache.spark.scheduler.DAGSchedulerEventProcessLoop.onReceive(DAGScheduler.scala:2802)
	at org.apache.spark.scheduler.DAGSchedulerEventProcessLoop.onReceive(DAGScheduler.scala:2791)
	at org.apache.spark.util.EventLoop$$anon$1.run(EventLoop.scala:49)
	at org.apache.spark.scheduler.DAGScheduler.runJob(DAGScheduler.scala:952)
	at org.apache.spark.SparkContext.runJob(SparkContext.scala:2238)
	at org.apache.spark.sql.execution.datasources.FileFormatWriter$.write(FileFormatWriter.scala:255)
	... 59 more
Caused by: org.apache.spark.SparkException: Task failed while writing rows.
	at org.apache.spark.sql.errors.QueryExecutionErrors$.taskFailedWhileWritingRowsError(QueryExecutionErrors.scala:655)
	at org.apache.spark.sql.execution.datasources.FileFormatWriter$.executeTask(FileFormatWriter.scala:358)
	at org.apache.spark.sql.execution.datasources.FileFormatWriter$.$anonfun$write$22(FileFormatWriter.scala:266)
	at org.apache.spark.scheduler.ResultTask.runTask(ResultTask.scala:90)
	at org.apache.spark.scheduler.Task.run(Task.scala:136)
	at org.apache.spark.executor.Executor$TaskRunner.$anonfun$run$3(Executor.scala:548)
	at org.apache.spark.util.Utils$.tryWithSafeFinally(Utils.scala:1504)
	at org.apache.spark.executor.Executor$TaskRunner.run(Executor.scala:551)
	at java.base/java.util.concurrent.ThreadPoolExecutor.runWorker(ThreadPoolExecutor.java:1136)
	at java.base/java.util.concurrent.ThreadPoolExecutor$Worker.run(ThreadPoolExecutor.java:635)
	... 1 more
Caused by: org.apache.hadoop.fs.s3a.AWSBadRequestException: Writing Object on breweries_summary/date=20250514/state=Kansas/part-00000-75789c45-ee8b-4752-91b8-eb785324ea93.c000.snappy.parquet: com.amazonaws.services.s3.model.AmazonS3Exception: You did not provide the number of bytes specified by the Content-Length HTTP header. (Service: Amazon S3; Status Code: 400; Error Code: IncompleteBody; Request ID: 183FD9988447EF5E; S3 Extended Request ID: dd9025bab4ad464b049177c95eb6ebf374d3b3fd1af9251148b658df7ac2e3e8; Proxy: null), S3 Extended Request ID: dd9025bab4ad464b049177c95eb6ebf374d3b3fd1af9251148b658df7ac2e3e8:IncompleteBody: You did not provide the number of bytes specified by the Content-Length HTTP header. (Service: Amazon S3; Status Code: 400; Error Code: IncompleteBody; Request ID: 183FD9988447EF5E; S3 Extended Request ID: dd9025bab4ad464b049177c95eb6ebf374d3b3fd1af9251148b658df7ac2e3e8; Proxy: null)
	at org.apache.hadoop.fs.s3a.S3AUtils.translateException(S3AUtils.java:249)
	at org.apache.hadoop.fs.s3a.Invoker.once(Invoker.java:119)
	at org.apache.hadoop.fs.s3a.Invoker.lambda$retry$4(Invoker.java:322)
	at org.apache.hadoop.fs.s3a.Invoker.retryUntranslated(Invoker.java:414)
	at org.apache.hadoop.fs.s3a.Invoker.retry(Invoker.java:318)
	at org.apache.hadoop.fs.s3a.Invoker.retry(Invoker.java:293)
	at org.apache.hadoop.fs.s3a.WriteOperationHelper.retry(WriteOperationHelper.java:208)
	at org.apache.hadoop.fs.s3a.WriteOperationHelper.putObject(WriteOperationHelper.java:563)
	at org.apache.hadoop.fs.s3a.S3ABlockOutputStream.lambda$putObject$0(S3ABlockOutputStream.java:562)
	at org.apache.hadoop.thirdparty.com.google.common.util.concurrent.TrustedListenableFutureTask$TrustedFutureInterruptibleTask.runInterruptibly(TrustedListenableFutureTask.java:125)
	at org.apache.hadoop.thirdparty.com.google.common.util.concurrent.InterruptibleTask.run(InterruptibleTask.java:69)
	at org.apache.hadoop.thirdparty.com.google.common.util.concurrent.TrustedListenableFutureTask.run(TrustedListenableFutureTask.java:78)
	at org.apache.hadoop.util.SemaphoredDelegatingExecutor$RunnableWithPermitRelease.run(SemaphoredDelegatingExecutor.java:196)
	at org.apache.hadoop.util.SemaphoredDelegatingExecutor$RunnableWithPermitRelease.run(SemaphoredDelegatingExecutor.java:196)
	... 3 more
Caused by: com.amazonaws.services.s3.model.AmazonS3Exception: You did not provide the number of bytes specified by the Content-Length HTTP header. (Service: Amazon S3; Status Code: 400; Error Code: IncompleteBody; Request ID: 183FD9988447EF5E; S3 Extended Request ID: dd9025bab4ad464b049177c95eb6ebf374d3b3fd1af9251148b658df7ac2e3e8; Proxy: null), S3 Extended Request ID: dd9025bab4ad464b049177c95eb6ebf374d3b3fd1af9251148b658df7ac2e3e8
	at com.amazonaws.http.AmazonHttpClient$RequestExecutor.handleErrorResponse(AmazonHttpClient.java:1819)
	at com.amazonaws.http.AmazonHttpClient$RequestExecutor.handleServiceErrorResponse(AmazonHttpClient.java:1403)
	at com.amazonaws.http.AmazonHttpClient$RequestExecutor.executeOneRequest(AmazonHttpClient.java:1372)
	at com.amazonaws.http.AmazonHttpClient$RequestExecutor.executeHelper(AmazonHttpClient.java:1145)
	at com.amazonaws.http.AmazonHttpClient$RequestExecutor.doExecute(AmazonHttpClient.java:802)
	at com.amazonaws.http.AmazonHttpClient$RequestExecutor.executeWithTimer(AmazonHttpClient.java:770)
	at com.amazonaws.http.AmazonHttpClient$RequestExecutor.execute(AmazonHttpClient.java:744)
	at com.amazonaws.http.AmazonHttpClient$RequestExecutor.access$500(AmazonHttpClient.java:704)
	at com.amazonaws.http.AmazonHttpClient$RequestExecutionBuilderImpl.execute(AmazonHttpClient.java:686)
	at com.amazonaws.http.AmazonHttpClient.execute(AmazonHttpClient.java:550)
	at com.amazonaws.http.AmazonHttpClient.execute(AmazonHttpClient.java:530)
	at com.amazonaws.services.s3.AmazonS3Client.invoke(AmazonS3Client.java:5437)
	at com.amazonaws.services.s3.AmazonS3Client.invoke(AmazonS3Client.java:5384)
	at com.amazonaws.services.s3.AmazonS3Client.access$300(AmazonS3Client.java:421)
	at com.amazonaws.services.s3.AmazonS3Client$PutObjectStrategy.invokeServiceCall(AmazonS3Client.java:6508)
	at com.amazonaws.services.s3.AmazonS3Client.uploadObject(AmazonS3Client.java:1856)
	at com.amazonaws.services.s3.AmazonS3Client.putObject(AmazonS3Client.java:1816)
	at org.apache.hadoop.fs.s3a.S3AFileSystem.lambda$putObjectDirect$17(S3AFileSystem.java:2877)
	at org.apache.hadoop.fs.statistics.impl.IOStatisticsBinding.trackDurationOfSupplier(IOStatisticsBinding.java:604)
	at org.apache.hadoop.fs.s3a.S3AFileSystem.putObjectDirect(S3AFileSystem.java:2874)
	at org.apache.hadoop.fs.s3a.WriteOperationHelper.lambda$putObject$7(WriteOperationHelper.java:566)
	at org.apache.hadoop.fs.store.audit.AuditingFunctions.lambda$withinAuditSpan$0(AuditingFunctions.java:62)
	at org.apache.hadoop.fs.s3a.Invoker.once(Invoker.java:117)
	... 15 more

[2025-05-16T00:14:19.996+0000] {taskinstance.py:1138} INFO - Marking task as UP_FOR_RETRY. dag_id=breweries_etl_pipeline, task_id=aggregate_to_gold, execution_date=20250514T000000, start_date=20250516T001050, end_date=20250516T001419
[2025-05-16T00:14:37.067+0000] {standard_task_runner.py:107} ERROR - Failed to execute job 218 for task aggregate_to_gold (An error occurred while calling o60.save.
: org.apache.spark.SparkException: Job aborted.
	at org.apache.spark.sql.errors.QueryExecutionErrors$.jobAbortedError(QueryExecutionErrors.scala:651)
	at org.apache.spark.sql.execution.datasources.FileFormatWriter$.write(FileFormatWriter.scala:288)
	at org.apache.spark.sql.delta.files.TransactionalWrite.$anonfun$writeFiles$1(TransactionalWrite.scala:398)
	at org.apache.spark.sql.execution.SQLExecution$.$anonfun$withNewExecutionId$6(SQLExecution.scala:109)
	at org.apache.spark.sql.execution.SQLExecution$.withSQLConfPropagated(SQLExecution.scala:169)
	at org.apache.spark.sql.execution.SQLExecution$.$anonfun$withNewExecutionId$1(SQLExecution.scala:95)
	at org.apache.spark.sql.SparkSession.withActive(SparkSession.scala:779)
	at org.apache.spark.sql.execution.SQLExecution$.withNewExecutionId(SQLExecution.scala:64)
	at org.apache.spark.sql.delta.files.TransactionalWrite.writeFiles(TransactionalWrite.scala:353)
	at org.apache.spark.sql.delta.files.TransactionalWrite.writeFiles$(TransactionalWrite.scala:328)
	at org.apache.spark.sql.delta.OptimisticTransaction.writeFiles(OptimisticTransaction.scala:129)
	at org.apache.spark.sql.delta.files.TransactionalWrite.writeFiles(TransactionalWrite.scala:212)
	at org.apache.spark.sql.delta.files.TransactionalWrite.writeFiles$(TransactionalWrite.scala:209)
	at org.apache.spark.sql.delta.OptimisticTransaction.writeFiles(OptimisticTransaction.scala:129)
	at org.apache.spark.sql.delta.commands.WriteIntoDelta.write(WriteIntoDelta.scala:331)
	at org.apache.spark.sql.delta.commands.WriteIntoDelta.$anonfun$run$1(WriteIntoDelta.scala:97)
	at org.apache.spark.sql.delta.commands.WriteIntoDelta.$anonfun$run$1$adapted(WriteIntoDelta.scala:92)
	at org.apache.spark.sql.delta.DeltaLog.withNewTransaction(DeltaLog.scala:233)
	at org.apache.spark.sql.delta.commands.WriteIntoDelta.run(WriteIntoDelta.scala:92)
	at org.apache.spark.sql.delta.sources.DeltaDataSource.createRelation(DeltaDataSource.scala:171)
	at org.apache.spark.sql.execution.datasources.SaveIntoDataSourceCommand.run(SaveIntoDataSourceCommand.scala:47)
	at org.apache.spark.sql.execution.command.ExecutedCommandExec.sideEffectResult$lzycompute(commands.scala:75)
	at org.apache.spark.sql.execution.command.ExecutedCommandExec.sideEffectResult(commands.scala:73)
	at org.apache.spark.sql.execution.command.ExecutedCommandExec.executeCollect(commands.scala:84)
	at org.apache.spark.sql.execution.QueryExecution$$anonfun$eagerlyExecuteCommands$1.$anonfun$applyOrElse$1(QueryExecution.scala:98)
	at org.apache.spark.sql.execution.SQLExecution$.$anonfun$withNewExecutionId$6(SQLExecution.scala:109)
	at org.apache.spark.sql.execution.SQLExecution$.withSQLConfPropagated(SQLExecution.scala:169)
	at org.apache.spark.sql.execution.SQLExecution$.$anonfun$withNewExecutionId$1(SQLExecution.scala:95)
	at org.apache.spark.sql.SparkSession.withActive(SparkSession.scala:779)
	at org.apache.spark.sql.execution.SQLExecution$.withNewExecutionId(SQLExecution.scala:64)
	at org.apache.spark.sql.execution.QueryExecution$$anonfun$eagerlyExecuteCommands$1.applyOrElse(QueryExecution.scala:98)
	at org.apache.spark.sql.execution.QueryExecution$$anonfun$eagerlyExecuteCommands$1.applyOrElse(QueryExecution.scala:94)
	at org.apache.spark.sql.catalyst.trees.TreeNode.$anonfun$transformDownWithPruning$1(TreeNode.scala:584)
	at org.apache.spark.sql.catalyst.trees.CurrentOrigin$.withOrigin(TreeNode.scala:176)
	at org.apache.spark.sql.catalyst.trees.TreeNode.transformDownWithPruning(TreeNode.scala:584)
	at org.apache.spark.sql.catalyst.plans.logical.LogicalPlan.org$apache$spark$sql$catalyst$plans$logical$AnalysisHelper$$super$transformDownWithPruning(LogicalPlan.scala:30)
	at org.apache.spark.sql.catalyst.plans.logical.AnalysisHelper.transformDownWithPruning(AnalysisHelper.scala:267)
	at org.apache.spark.sql.catalyst.plans.logical.AnalysisHelper.transformDownWithPruning$(AnalysisHelper.scala:263)
	at org.apache.spark.sql.catalyst.plans.logical.LogicalPlan.transformDownWithPruning(LogicalPlan.scala:30)
	at org.apache.spark.sql.catalyst.plans.logical.LogicalPlan.transformDownWithPruning(LogicalPlan.scala:30)
	at org.apache.spark.sql.catalyst.trees.TreeNode.transformDown(TreeNode.scala:560)
	at org.apache.spark.sql.execution.QueryExecution.eagerlyExecuteCommands(QueryExecution.scala:94)
	at org.apache.spark.sql.execution.QueryExecution.commandExecuted$lzycompute(QueryExecution.scala:81)
	at org.apache.spark.sql.execution.QueryExecution.commandExecuted(QueryExecution.scala:79)
	at org.apache.spark.sql.execution.QueryExecution.assertCommandExecuted(QueryExecution.scala:116)
	at org.apache.spark.sql.DataFrameWriter.runCommand(DataFrameWriter.scala:860)
	at org.apache.spark.sql.DataFrameWriter.saveToV1Source(DataFrameWriter.scala:390)
	at org.apache.spark.sql.DataFrameWriter.saveInternal(DataFrameWriter.scala:303)
	at org.apache.spark.sql.DataFrameWriter.save(DataFrameWriter.scala:239)
	at java.base/jdk.internal.reflect.NativeMethodAccessorImpl.invoke0(Native Method)
	at java.base/jdk.internal.reflect.NativeMethodAccessorImpl.invoke(NativeMethodAccessorImpl.java:77)
	at java.base/jdk.internal.reflect.DelegatingMethodAccessorImpl.invoke(DelegatingMethodAccessorImpl.java:43)
	at java.base/java.lang.reflect.Method.invoke(Method.java:569)
	at py4j.reflection.MethodInvoker.invoke(MethodInvoker.java:244)
	at py4j.reflection.ReflectionEngine.invoke(ReflectionEngine.java:357)
	at py4j.Gateway.invoke(Gateway.java:282)
	at py4j.commands.AbstractCommand.invokeMethod(AbstractCommand.java:132)
	at py4j.commands.CallCommand.execute(CallCommand.java:79)
	at py4j.ClientServerConnection.waitForCommands(ClientServerConnection.java:182)
	at py4j.ClientServerConnection.run(ClientServerConnection.java:106)
	at java.base/java.lang.Thread.run(Thread.java:840)
Caused by: org.apache.spark.SparkException: Job aborted due to stage failure: Task 0 in stage 12.0 failed 1 times, most recent failure: Lost task 0.0 in stage 12.0 (TID 112) (dd755db511a0 executor driver): org.apache.spark.SparkException: Task failed while writing rows.
	at org.apache.spark.sql.errors.QueryExecutionErrors$.taskFailedWhileWritingRowsError(QueryExecutionErrors.scala:655)
	at org.apache.spark.sql.execution.datasources.FileFormatWriter$.executeTask(FileFormatWriter.scala:358)
	at org.apache.spark.sql.execution.datasources.FileFormatWriter$.$anonfun$write$22(FileFormatWriter.scala:266)
	at org.apache.spark.scheduler.ResultTask.runTask(ResultTask.scala:90)
	at org.apache.spark.scheduler.Task.run(Task.scala:136)
	at org.apache.spark.executor.Executor$TaskRunner.$anonfun$run$3(Executor.scala:548)
	at org.apache.spark.util.Utils$.tryWithSafeFinally(Utils.scala:1504)
	at org.apache.spark.executor.Executor$TaskRunner.run(Executor.scala:551)
	at java.base/java.util.concurrent.ThreadPoolExecutor.runWorker(ThreadPoolExecutor.java:1136)
	at java.base/java.util.concurrent.ThreadPoolExecutor$Worker.run(ThreadPoolExecutor.java:635)
	at java.base/java.lang.Thread.run(Thread.java:840)
Caused by: org.apache.hadoop.fs.s3a.AWSBadRequestException: Writing Object on breweries_summary/date=20250514/state=Kansas/part-00000-75789c45-ee8b-4752-91b8-eb785324ea93.c000.snappy.parquet: com.amazonaws.services.s3.model.AmazonS3Exception: You did not provide the number of bytes specified by the Content-Length HTTP header. (Service: Amazon S3; Status Code: 400; Error Code: IncompleteBody; Request ID: 183FD9988447EF5E; S3 Extended Request ID: dd9025bab4ad464b049177c95eb6ebf374d3b3fd1af9251148b658df7ac2e3e8; Proxy: null), S3 Extended Request ID: dd9025bab4ad464b049177c95eb6ebf374d3b3fd1af9251148b658df7ac2e3e8:IncompleteBody: You did not provide the number of bytes specified by the Content-Length HTTP header. (Service: Amazon S3; Status Code: 400; Error Code: IncompleteBody; Request ID: 183FD9988447EF5E; S3 Extended Request ID: dd9025bab4ad464b049177c95eb6ebf374d3b3fd1af9251148b658df7ac2e3e8; Proxy: null)
	at org.apache.hadoop.fs.s3a.S3AUtils.translateException(S3AUtils.java:249)
	at org.apache.hadoop.fs.s3a.Invoker.once(Invoker.java:119)
	at org.apache.hadoop.fs.s3a.Invoker.lambda$retry$4(Invoker.java:322)
	at org.apache.hadoop.fs.s3a.Invoker.retryUntranslated(Invoker.java:414)
	at org.apache.hadoop.fs.s3a.Invoker.retry(Invoker.java:318)
	at org.apache.hadoop.fs.s3a.Invoker.retry(Invoker.java:293)
	at org.apache.hadoop.fs.s3a.WriteOperationHelper.retry(WriteOperationHelper.java:208)
	at org.apache.hadoop.fs.s3a.WriteOperationHelper.putObject(WriteOperationHelper.java:563)
	at org.apache.hadoop.fs.s3a.S3ABlockOutputStream.lambda$putObject$0(S3ABlockOutputStream.java:562)
	at org.apache.hadoop.thirdparty.com.google.common.util.concurrent.TrustedListenableFutureTask$TrustedFutureInterruptibleTask.runInterruptibly(TrustedListenableFutureTask.java:125)
	at org.apache.hadoop.thirdparty.com.google.common.util.concurrent.InterruptibleTask.run(InterruptibleTask.java:69)
	at org.apache.hadoop.thirdparty.com.google.common.util.concurrent.TrustedListenableFutureTask.run(TrustedListenableFutureTask.java:78)
	at org.apache.hadoop.util.SemaphoredDelegatingExecutor$RunnableWithPermitRelease.run(SemaphoredDelegatingExecutor.java:196)
	at org.apache.hadoop.util.SemaphoredDelegatingExecutor$RunnableWithPermitRelease.run(SemaphoredDelegatingExecutor.java:196)
	... 3 more
Caused by: com.amazonaws.services.s3.model.AmazonS3Exception: You did not provide the number of bytes specified by the Content-Length HTTP header. (Service: Amazon S3; Status Code: 400; Error Code: IncompleteBody; Request ID: 183FD9988447EF5E; S3 Extended Request ID: dd9025bab4ad464b049177c95eb6ebf374d3b3fd1af9251148b658df7ac2e3e8; Proxy: null), S3 Extended Request ID: dd9025bab4ad464b049177c95eb6ebf374d3b3fd1af9251148b658df7ac2e3e8
	at com.amazonaws.http.AmazonHttpClient$RequestExecutor.handleErrorResponse(AmazonHttpClient.java:1819)
	at com.amazonaws.http.AmazonHttpClient$RequestExecutor.handleServiceErrorResponse(AmazonHttpClient.java:1403)
	at com.amazonaws.http.AmazonHttpClient$RequestExecutor.executeOneRequest(AmazonHttpClient.java:1372)
	at com.amazonaws.http.AmazonHttpClient$RequestExecutor.executeHelper(AmazonHttpClient.java:1145)
	at com.amazonaws.http.AmazonHttpClient$RequestExecutor.doExecute(AmazonHttpClient.java:802)
	at com.amazonaws.http.AmazonHttpClient$RequestExecutor.executeWithTimer(AmazonHttpClient.java:770)
	at com.amazonaws.http.AmazonHttpClient$RequestExecutor.execute(AmazonHttpClient.java:744)
	at com.amazonaws.http.AmazonHttpClient$RequestExecutor.access$500(AmazonHttpClient.java:704)
	at com.amazonaws.http.AmazonHttpClient$RequestExecutionBuilderImpl.execute(AmazonHttpClient.java:686)
	at com.amazonaws.http.AmazonHttpClient.execute(AmazonHttpClient.java:550)
	at com.amazonaws.http.AmazonHttpClient.execute(AmazonHttpClient.java:530)
	at com.amazonaws.services.s3.AmazonS3Client.invoke(AmazonS3Client.java:5437)
	at com.amazonaws.services.s3.AmazonS3Client.invoke(AmazonS3Client.java:5384)
	at com.amazonaws.services.s3.AmazonS3Client.access$300(AmazonS3Client.java:421)
	at com.amazonaws.services.s3.AmazonS3Client$PutObjectStrategy.invokeServiceCall(AmazonS3Client.java:6508)
	at com.amazonaws.services.s3.AmazonS3Client.uploadObject(AmazonS3Client.java:1856)
	at com.amazonaws.services.s3.AmazonS3Client.putObject(AmazonS3Client.java:1816)
	at org.apache.hadoop.fs.s3a.S3AFileSystem.lambda$putObjectDirect$17(S3AFileSystem.java:2877)
	at org.apache.hadoop.fs.statistics.impl.IOStatisticsBinding.trackDurationOfSupplier(IOStatisticsBinding.java:604)
	at org.apache.hadoop.fs.s3a.S3AFileSystem.putObjectDirect(S3AFileSystem.java:2874)
	at org.apache.hadoop.fs.s3a.WriteOperationHelper.lambda$putObject$7(WriteOperationHelper.java:566)
	at org.apache.hadoop.fs.store.audit.AuditingFunctions.lambda$withinAuditSpan$0(AuditingFunctions.java:62)
	at org.apache.hadoop.fs.s3a.Invoker.once(Invoker.java:117)
	... 15 more

Driver stacktrace:
	at org.apache.spark.scheduler.DAGScheduler.failJobAndIndependentStages(DAGScheduler.scala:2672)
	at org.apache.spark.scheduler.DAGScheduler.$anonfun$abortStage$2(DAGScheduler.scala:2608)
	at org.apache.spark.scheduler.DAGScheduler.$anonfun$abortStage$2$adapted(DAGScheduler.scala:2607)
	at scala.collection.mutable.ResizableArray.foreach(ResizableArray.scala:62)
	at scala.collection.mutable.ResizableArray.foreach$(ResizableArray.scala:55)
	at scala.collection.mutable.ArrayBuffer.foreach(ArrayBuffer.scala:49)
	at org.apache.spark.scheduler.DAGScheduler.abortStage(DAGScheduler.scala:2607)
	at org.apache.spark.scheduler.DAGScheduler.$anonfun$handleTaskSetFailed$1(DAGScheduler.scala:1182)
	at org.apache.spark.scheduler.DAGScheduler.$anonfun$handleTaskSetFailed$1$adapted(DAGScheduler.scala:1182)
	at scala.Option.foreach(Option.scala:407)
	at org.apache.spark.scheduler.DAGScheduler.handleTaskSetFailed(DAGScheduler.scala:1182)
	at org.apache.spark.scheduler.DAGSchedulerEventProcessLoop.doOnReceive(DAGScheduler.scala:2860)
	at org.apache.spark.scheduler.DAGSchedulerEventProcessLoop.onReceive(DAGScheduler.scala:2802)
	at org.apache.spark.scheduler.DAGSchedulerEventProcessLoop.onReceive(DAGScheduler.scala:2791)
	at org.apache.spark.util.EventLoop$$anon$1.run(EventLoop.scala:49)
	at org.apache.spark.scheduler.DAGScheduler.runJob(DAGScheduler.scala:952)
	at org.apache.spark.SparkContext.runJob(SparkContext.scala:2238)
	at org.apache.spark.sql.execution.datasources.FileFormatWriter$.write(FileFormatWriter.scala:255)
	... 59 more
Caused by: org.apache.spark.SparkException: Task failed while writing rows.
	at org.apache.spark.sql.errors.QueryExecutionErrors$.taskFailedWhileWritingRowsError(QueryExecutionErrors.scala:655)
	at org.apache.spark.sql.execution.datasources.FileFormatWriter$.executeTask(FileFormatWriter.scala:358)
	at org.apache.spark.sql.execution.datasources.FileFormatWriter$.$anonfun$write$22(FileFormatWriter.scala:266)
	at org.apache.spark.scheduler.ResultTask.runTask(ResultTask.scala:90)
	at org.apache.spark.scheduler.Task.run(Task.scala:136)
	at org.apache.spark.executor.Executor$TaskRunner.$anonfun$run$3(Executor.scala:548)
	at org.apache.spark.util.Utils$.tryWithSafeFinally(Utils.scala:1504)
	at org.apache.spark.executor.Executor$TaskRunner.run(Executor.scala:551)
	at java.base/java.util.concurrent.ThreadPoolExecutor.runWorker(ThreadPoolExecutor.java:1136)
	at java.base/java.util.concurrent.ThreadPoolExecutor$Worker.run(ThreadPoolExecutor.java:635)
	... 1 more
Caused by: org.apache.hadoop.fs.s3a.AWSBadRequestException: Writing Object on breweries_summary/date=20250514/state=Kansas/part-00000-75789c45-ee8b-4752-91b8-eb785324ea93.c000.snappy.parquet: com.amazonaws.services.s3.model.AmazonS3Exception: You did not provide the number of bytes specified by the Content-Length HTTP header. (Service: Amazon S3; Status Code: 400; Error Code: IncompleteBody; Request ID: 183FD9988447EF5E; S3 Extended Request ID: dd9025bab4ad464b049177c95eb6ebf374d3b3fd1af9251148b658df7ac2e3e8; Proxy: null), S3 Extended Request ID: dd9025bab4ad464b049177c95eb6ebf374d3b3fd1af9251148b658df7ac2e3e8:IncompleteBody: You did not provide the number of bytes specified by the Content-Length HTTP header. (Service: Amazon S3; Status Code: 400; Error Code: IncompleteBody; Request ID: 183FD9988447EF5E; S3 Extended Request ID: dd9025bab4ad464b049177c95eb6ebf374d3b3fd1af9251148b658df7ac2e3e8; Proxy: null)
	at org.apache.hadoop.fs.s3a.S3AUtils.translateException(S3AUtils.java:249)
	at org.apache.hadoop.fs.s3a.Invoker.once(Invoker.java:119)
	at org.apache.hadoop.fs.s3a.Invoker.lambda$retry$4(Invoker.java:322)
	at org.apache.hadoop.fs.s3a.Invoker.retryUntranslated(Invoker.java:414)
	at org.apache.hadoop.fs.s3a.Invoker.retry(Invoker.java:318)
	at org.apache.hadoop.fs.s3a.Invoker.retry(Invoker.java:293)
	at org.apache.hadoop.fs.s3a.WriteOperationHelper.retry(WriteOperationHelper.java:208)
	at org.apache.hadoop.fs.s3a.WriteOperationHelper.putObject(WriteOperationHelper.java:563)
	at org.apache.hadoop.fs.s3a.S3ABlockOutputStream.lambda$putObject$0(S3ABlockOutputStream.java:562)
	at org.apache.hadoop.thirdparty.com.google.common.util.concurrent.TrustedListenableFutureTask$TrustedFutureInterruptibleTask.runInterruptibly(TrustedListenableFutureTask.java:125)
	at org.apache.hadoop.thirdparty.com.google.common.util.concurrent.InterruptibleTask.run(InterruptibleTask.java:69)
	at org.apache.hadoop.thirdparty.com.google.common.util.concurrent.TrustedListenableFutureTask.run(TrustedListenableFutureTask.java:78)
	at org.apache.hadoop.util.SemaphoredDelegatingExecutor$RunnableWithPermitRelease.run(SemaphoredDelegatingExecutor.java:196)
	at org.apache.hadoop.util.SemaphoredDelegatingExecutor$RunnableWithPermitRelease.run(SemaphoredDelegatingExecutor.java:196)
	... 3 more
Caused by: com.amazonaws.services.s3.model.AmazonS3Exception: You did not provide the number of bytes specified by the Content-Length HTTP header. (Service: Amazon S3; Status Code: 400; Error Code: IncompleteBody; Request ID: 183FD9988447EF5E; S3 Extended Request ID: dd9025bab4ad464b049177c95eb6ebf374d3b3fd1af9251148b658df7ac2e3e8; Proxy: null), S3 Extended Request ID: dd9025bab4ad464b049177c95eb6ebf374d3b3fd1af9251148b658df7ac2e3e8
	at com.amazonaws.http.AmazonHttpClient$RequestExecutor.handleErrorResponse(AmazonHttpClient.java:1819)
	at com.amazonaws.http.AmazonHttpClient$RequestExecutor.handleServiceErrorResponse(AmazonHttpClient.java:1403)
	at com.amazonaws.http.AmazonHttpClient$RequestExecutor.executeOneRequest(AmazonHttpClient.java:1372)
	at com.amazonaws.http.AmazonHttpClient$RequestExecutor.executeHelper(AmazonHttpClient.java:1145)
	at com.amazonaws.http.AmazonHttpClient$RequestExecutor.doExecute(AmazonHttpClient.java:802)
	at com.amazonaws.http.AmazonHttpClient$RequestExecutor.executeWithTimer(AmazonHttpClient.java:770)
	at com.amazonaws.http.AmazonHttpClient$RequestExecutor.execute(AmazonHttpClient.java:744)
	at com.amazonaws.http.AmazonHttpClient$RequestExecutor.access$500(AmazonHttpClient.java:704)
	at com.amazonaws.http.AmazonHttpClient$RequestExecutionBuilderImpl.execute(AmazonHttpClient.java:686)
	at com.amazonaws.http.AmazonHttpClient.execute(AmazonHttpClient.java:550)
	at com.amazonaws.http.AmazonHttpClient.execute(AmazonHttpClient.java:530)
	at com.amazonaws.services.s3.AmazonS3Client.invoke(AmazonS3Client.java:5437)
	at com.amazonaws.services.s3.AmazonS3Client.invoke(AmazonS3Client.java:5384)
	at com.amazonaws.services.s3.AmazonS3Client.access$300(AmazonS3Client.java:421)
	at com.amazonaws.services.s3.AmazonS3Client$PutObjectStrategy.invokeServiceCall(AmazonS3Client.java:6508)
	at com.amazonaws.services.s3.AmazonS3Client.uploadObject(AmazonS3Client.java:1856)
	at com.amazonaws.services.s3.AmazonS3Client.putObject(AmazonS3Client.java:1816)
	at org.apache.hadoop.fs.s3a.S3AFileSystem.lambda$putObjectDirect$17(S3AFileSystem.java:2877)
	at org.apache.hadoop.fs.statistics.impl.IOStatisticsBinding.trackDurationOfSupplier(IOStatisticsBinding.java:604)
	at org.apache.hadoop.fs.s3a.S3AFileSystem.putObjectDirect(S3AFileSystem.java:2874)
	at org.apache.hadoop.fs.s3a.WriteOperationHelper.lambda$putObject$7(WriteOperationHelper.java:566)
	at org.apache.hadoop.fs.store.audit.AuditingFunctions.lambda$withinAuditSpan$0(AuditingFunctions.java:62)
	at org.apache.hadoop.fs.s3a.Invoker.once(Invoker.java:117)
	... 15 more
; 51)
[2025-05-16T00:14:43.883+0000] {local_task_job_runner.py:234} INFO - Task exited with return code 1
[2025-05-16T00:14:43.969+0000] {taskinstance.py:3280} INFO - 0 downstream tasks scheduled from follow-on schedule check
